#
# There is insufficient memory for the Java Runtime Environment to continue.
# Native memory allocation (mmap) failed to map 25165824 bytes for Failed to commit area from 0x0000000087400000 to 0x0000000088c00000 of length 25165824.
# Possible reasons:
#   The system is out of physical RAM or swap space
#   The process is running with CompressedOops enabled, and the Java Heap may be blocking the growth of the native heap
# Possible solutions:
#   Reduce memory load on the system
#   Increase physical memory or swap space
#   Check if swap backing store is full
#   Decrease Java heap size (-Xmx/-Xms)
#   Decrease number of Java threads
#   Decrease Java thread stack sizes (-Xss)
#   Set larger code cache with -XX:ReservedCodeCacheSize=
#   JVM is running with Unscaled Compressed Oops mode in which the Java heap is
#     placed in the first 4GB address space. The Java Heap base address is the
#     maximum limit for the native heap growth. Please use -XX:HeapBaseMinAddress
#     to set the Java Heap base and to place the Java Heap above 4GB virtual address.
# This output file may be truncated or incomplete.
#
#  Out of Memory Error (./src/hotspot/os/windows/os_windows.cpp:3521), pid=10164, tid=4228
#
# JRE version: OpenJDK Runtime Environment (11.0.12+7) (build 11.0.12+7-b1504.28-7817840)
# Java VM: OpenJDK 64-Bit Server VM (11.0.12+7-b1504.28-7817840, mixed mode, tiered, compressed oops, g1 gc, windows-amd64)
# No core dump will be written. Minidumps are not enabled by default on client versions of Windows
#

---------------  S U M M A R Y ------------

Command Line: --add-opens=java.base/java.util=ALL-UNNAMED --add-opens=java.base/java.lang=ALL-UNNAMED --add-opens=java.base/java.lang.invoke=ALL-UNNAMED --add-opens=java.base/java.util=ALL-UNNAMED --add-opens=java.prefs/java.util.prefs=ALL-UNNAMED --add-opens=java.prefs/java.util.prefs=ALL-UNNAMED --add-opens=java.base/java.nio.charset=ALL-UNNAMED --add-opens=java.base/java.net=ALL-UNNAMED --add-opens=java.base/java.util.concurrent.atomic=ALL-UNNAMED -Xmx2048m -Dfile.encoding=UTF-8 -Duser.country=RU -Duser.language=ru -Duser.variant org.gradle.launcher.daemon.bootstrap.GradleDaemon 7.3.3

Host: AMD Ryzen 7 3700U with Radeon Vega Mobile Gfx  , 8 cores, 5G,  Windows 10 , 64 bit Build 19041 (10.0.19041.1889)
Time: Mon Sep 12 19:03:09 2022 Центральная Азия (зима) elapsed time: 22.602846 seconds (0d 0h 0m 22s)

---------------  T H R E A D  ---------------

Current thread (0x000002533437e800):  VMThread "VM Thread" [stack: 0x000000ebf7a00000,0x000000ebf7b00000] [id=4228]

Stack: [0x000000ebf7a00000,0x000000ebf7b00000]
[error occurred during error reporting (printing stack bounds), id 0xc0000005, EXCEPTION_ACCESS_VIOLATION (0xc0000005) at pc=0x000002531d25112d]

Native frames: (J=compiled Java code, j=interpreted, Vv=VM code, C=native code)
V  [jvm.dll+0x5fbcea]
V  [jvm.dll+0x731905]
V  [jvm.dll+0x732f1d]
V  [jvm.dll+0x733535]
V  [jvm.dll+0x7334eb]
V  [jvm.dll+0x5fb080]
V  [jvm.dll+0x5fb818]
C  [ntdll.dll+0xa229f]
C  [ntdll.dll+0x51454]
C  [ntdll.dll+0xa0dce]
C  0x000002531d25112d

VM_Operation (0x000000ebf8ef44b0): G1CollectForAllocation, mode: safepoint, requested by thread 0x0000025334da6000


---------------  P R O C E S S  ---------------

Threads class SMR info:
_java_thread_list=0x0000025337c70700, length=122, elements={
0x000002531971d800, 0x0000025334382800, 0x0000025334386800, 0x00000253343a6800,
0x00000253343a8000, 0x00000253343a9800, 0x00000253343ad000, 0x00000253343b6000,
0x00000253343c0000, 0x0000025334e8c000, 0x000002533658f800, 0x0000025335eba000,
0x0000025335ebb000, 0x0000025336212800, 0x0000025336213800, 0x0000025336118800,
0x0000025334da6000, 0x000002533501a800, 0x00000253351ff800, 0x0000025335a01000,
0x00000253359fb000, 0x0000025335a00000, 0x00000253359fe800, 0x00000253359fc800,
0x00000253359ff000, 0x0000025335a01800, 0x00000253359fc000, 0x00000253359fd800,
0x00000253373ac800, 0x00000253373ae000, 0x00000253373a9800, 0x00000253373ab000,
0x00000253373af000, 0x00000253373ad800, 0x00000253373b0000, 0x00000253373aa000,
0x00000253373b0800, 0x00000253373ab800, 0x00000253373b6800, 0x00000253373b2800,
0x00000253373b3000, 0x00000253373b1800, 0x00000253373b8000, 0x00000253373b4800,
0x00000253373b5800, 0x000002533b15c000, 0x000002533b159800, 0x000002533b156800,
0x000002533b158000, 0x000002533b158800, 0x000002533b15a800, 0x000002533b15b000,
0x000002533b15d000, 0x000002533b157000, 0x000002533b161000, 0x000002533b161800,
0x000002533b162800, 0x000002533b160000, 0x000002533b163800, 0x000002533b15d800,
0x000002533b15e800, 0x000002533b15f800, 0x000002533b165000, 0x000002533b164000,
0x0000025336fc4800, 0x0000025336fc7800, 0x0000025336fc3800, 0x0000025336fc6800,
0x0000025336fc5000, 0x0000025336fc8800, 0x0000025336fca000, 0x0000025336fc6000,
0x0000025336fcd800, 0x0000025336fce000, 0x0000025336fc9000, 0x0000025336fcf000,
0x0000025336fcb000, 0x0000025336fcf800, 0x0000025336fd1800, 0x0000025336fd0800,
0x0000025336fcb800, 0x0000025336fd2000, 0x0000025336fcc800, 0x000002533988e000,
0x000002533988d800, 0x0000025339889800, 0x000002533988a000, 0x000002533988f000,
0x000002533988b800, 0x0000025339890000, 0x000002533988c800, 0x000002533988b000,
0x0000025339892000, 0x0000025339896800, 0x0000025339895800, 0x0000025339891800,
0x0000025339890800, 0x0000025339898000, 0x0000025339897000, 0x0000025339893000,
0x0000025339894000, 0x0000025339894800, 0x000002533989e000, 0x000002533989f000,
0x000002533989b000, 0x000002533989a000, 0x000002533989b800, 0x000002533989d800,
0x000002533989c800, 0x0000025339899800, 0x00000253398a0800, 0x00000253398a1800,
0x00000253398a2000, 0x00000253398a5800, 0x00000253398a0000, 0x00000253398a4800,
0x00000253398a7000, 0x00000253398a6800, 0x00000253398a4000, 0x00000253398a8000,
0x00000253398a3000, 0x0000025335292800
}

Java Threads: ( => current thread )
  0x000002531971d800 JavaThread "main" [_thread_blocked, id=7788, stack(0x000000ebf7400000,0x000000ebf7500000)]
  0x0000025334382800 JavaThread "Reference Handler" daemon [_thread_blocked, id=13740, stack(0x000000ebf7b00000,0x000000ebf7c00000)]
  0x0000025334386800 JavaThread "Finalizer" daemon [_thread_blocked, id=3840, stack(0x000000ebf7c00000,0x000000ebf7d00000)]
  0x00000253343a6800 JavaThread "Signal Dispatcher" daemon [_thread_blocked, id=11168, stack(0x000000ebf7d00000,0x000000ebf7e00000)]
  0x00000253343a8000 JavaThread "Attach Listener" daemon [_thread_blocked, id=6096, stack(0x000000ebf7e00000,0x000000ebf7f00000)]
  0x00000253343a9800 JavaThread "Service Thread" daemon [_thread_blocked, id=14864, stack(0x000000ebf7f00000,0x000000ebf8000000)]
  0x00000253343ad000 JavaThread "C2 CompilerThread0" daemon [_thread_blocked, id=10884, stack(0x000000ebf8000000,0x000000ebf8100000)]
  0x00000253343b6000 JavaThread "C1 CompilerThread0" daemon [_thread_blocked, id=7792, stack(0x000000ebf8100000,0x000000ebf8200000)]
  0x00000253343c0000 JavaThread "Sweeper thread" daemon [_thread_blocked, id=11092, stack(0x000000ebf8200000,0x000000ebf8300000)]
  0x0000025334e8c000 JavaThread "Common-Cleaner" daemon [_thread_blocked, id=480, stack(0x000000ebf8300000,0x000000ebf8400000)]
  0x000002533658f800 JavaThread "Daemon health stats" [_thread_blocked, id=4508, stack(0x000000ebf8600000,0x000000ebf8700000)]
  0x0000025335eba000 JavaThread "Incoming local TCP Connector on port 59726" [_thread_in_native, id=736, stack(0x000000ebf8900000,0x000000ebf8a00000)]
  0x0000025335ebb000 JavaThread "Daemon periodic checks" [_thread_blocked, id=16472, stack(0x000000ebf8a00000,0x000000ebf8b00000)]
  0x0000025336212800 JavaThread "Daemon" [_thread_blocked, id=10908, stack(0x000000ebf8b00000,0x000000ebf8c00000)]
  0x0000025336213800 JavaThread "Handler for socket connection from /127.0.0.1:59726 to /127.0.0.1:59740" [_thread_in_native, id=11280, stack(0x000000ebf8c00000,0x000000ebf8d00000)]
  0x0000025336118800 JavaThread "Cancel handler" [_thread_blocked, id=16992, stack(0x000000ebf8d00000,0x000000ebf8e00000)]
  0x0000025334da6000 JavaThread "Daemon worker" [_thread_blocked, id=6260, stack(0x000000ebf8e00000,0x000000ebf8f00000)]
  0x000002533501a800 JavaThread "Asynchronous log dispatcher for DefaultDaemonConnection: socket connection from /127.0.0.1:59726 to /127.0.0.1:59740" [_thread_blocked, id=1564, stack(0x000000ebf8f00000,0x000000ebf9000000)]
  0x00000253351ff800 JavaThread "Stdin handler" [_thread_blocked, id=11440, stack(0x000000ebf9000000,0x000000ebf9100000)]
  0x0000025335a01000 JavaThread "Daemon client event forwarder" [_thread_blocked, id=8056, stack(0x000000ebf9100000,0x000000ebf9200000)]
  0x00000253359fb000 JavaThread "Cache worker for journal cache (C:\Users\tynys\.gradle\caches\journal-1)" [_thread_blocked, id=11388, stack(0x000000ebf9200000,0x000000ebf9300000)]
  0x0000025335a00000 JavaThread "File lock request listener" [_thread_in_native, id=13072, stack(0x000000ebf9300000,0x000000ebf9400000)]
  0x00000253359fe800 JavaThread "Cache worker for file hash cache (C:\Users\tynys\.gradle\caches\7.3.3\fileHashes)" [_thread_blocked, id=16012, stack(0x000000ebf9900000,0x000000ebf9a00000)]
  0x00000253359fc800 JavaThread "Cache worker for file hash cache (C:\Users\tynys\Videos\Captures\LoveCalculater-master\.gradle\7.3.3\fileHashes)" [_thread_blocked, id=10364, stack(0x000000ebf9a00000,0x000000ebf9b00000)]
  0x00000253359ff000 JavaThread "File watcher server" daemon [_thread_in_native, id=9844, stack(0x000000ebf9b00000,0x000000ebf9c00000)]
  0x0000025335a01800 JavaThread "File watcher consumer" daemon [_thread_blocked, id=13268, stack(0x000000ebf9c00000,0x000000ebf9d00000)]
  0x00000253359fc000 JavaThread "jar transforms" [_thread_blocked, id=16100, stack(0x000000ebf9d00000,0x000000ebf9e00000)]
  0x00000253359fd800 JavaThread "jar transforms Thread 2" [_thread_blocked, id=10708, stack(0x000000ebf9e00000,0x000000ebf9f00000)]
  0x00000253373ac800 JavaThread "jar transforms Thread 3" [_thread_blocked, id=17156, stack(0x000000ebf9f00000,0x000000ebfa000000)]
  0x00000253373ae000 JavaThread "jar transforms Thread 4" [_thread_blocked, id=14488, stack(0x000000ebfa000000,0x000000ebfa100000)]
  0x00000253373a9800 JavaThread "jar transforms Thread 5" [_thread_blocked, id=8200, stack(0x000000ebfa100000,0x000000ebfa200000)]
  0x00000253373ab000 JavaThread "jar transforms Thread 6" [_thread_blocked, id=12052, stack(0x000000ebfa200000,0x000000ebfa300000)]
  0x00000253373af000 JavaThread "jar transforms Thread 7" [_thread_blocked, id=14420, stack(0x000000ebfa300000,0x000000ebfa400000)]
  0x00000253373ad800 JavaThread "jar transforms Thread 8" [_thread_blocked, id=10084, stack(0x000000ebfa400000,0x000000ebfa500000)]
  0x00000253373b0000 JavaThread "Cache worker for checksums cache (C:\Users\tynys\Videos\Captures\LoveCalculater-master\.gradle\7.3.3\checksums)" [_thread_blocked, id=14468, stack(0x000000ebfa500000,0x000000ebfa600000)]
  0x00000253373aa000 JavaThread "Cache worker for cache directory md-supplier (C:\Users\tynys\.gradle\caches\7.3.3\md-supplier)" [_thread_blocked, id=3316, stack(0x000000ebfa600000,0x000000ebfa700000)]
  0x00000253373b0800 JavaThread "Cache worker for cache directory md-rule (C:\Users\tynys\.gradle\caches\7.3.3\md-rule)" [_thread_blocked, id=9340, stack(0x000000ebfa700000,0x000000ebfa800000)]
  0x00000253373ab800 JavaThread "Cache worker for execution history cache (C:\Users\tynys\.gradle\caches\7.3.3\executionHistory)" [_thread_blocked, id=12012, stack(0x000000ebfa800000,0x000000ebfa900000)]
  0x00000253373b6800 JavaThread "Cache worker for file content cache (C:\Users\tynys\.gradle\caches\7.3.3\fileContent)" [_thread_blocked, id=16116, stack(0x000000ebfa900000,0x000000ebfaa00000)]
  0x00000253373b2800 JavaThread "Cache worker for dependencies-accessors (C:\Users\tynys\Videos\Captures\LoveCalculater-master\.gradle\7.3.3\dependencies-accessors)" [_thread_blocked, id=6688, stack(0x000000ebfaa00000,0x000000ebfab00000)]
  0x00000253373b3000 JavaThread "Cache worker for Build Output Cleanup Cache (C:\Users\tynys\Videos\Captures\LoveCalculater-master\.gradle\buildOutputCleanup)" [_thread_blocked, id=5436, stack(0x000000ebfab00000,0x000000ebfac00000)]
  0x00000253373b1800 JavaThread "Unconstrained build operations" [_thread_blocked, id=6892, stack(0x000000ebfac00000,0x000000ebfad00000)]
  0x00000253373b8000 JavaThread "Unconstrained build operations Thread 2" [_thread_blocked, id=2588, stack(0x000000ebfad00000,0x000000ebfae00000)]
  0x00000253373b4800 JavaThread "Unconstrained build operations Thread 3" [_thread_blocked, id=12044, stack(0x000000ebfae00000,0x000000ebfaf00000)]
  0x00000253373b5800 JavaThread "Unconstrained build operations Thread 4" [_thread_blocked, id=16076, stack(0x000000ebfaf00000,0x000000ebfb000000)]
  0x000002533b15c000 JavaThread "Unconstrained build operations Thread 5" [_thread_blocked, id=8256, stack(0x000000ebfb000000,0x000000ebfb100000)]
  0x000002533b159800 JavaThread "Unconstrained build operations Thread 6" [_thread_blocked, id=8004, stack(0x000000ebfb100000,0x000000ebfb200000)]
  0x000002533b156800 JavaThread "Unconstrained build operations Thread 7" [_thread_blocked, id=4844, stack(0x000000ebfb200000,0x000000ebfb300000)]
  0x000002533b158000 JavaThread "Unconstrained build operations Thread 8" [_thread_blocked, id=8988, stack(0x000000ebfb300000,0x000000ebfb400000)]
  0x000002533b158800 JavaThread "Unconstrained build operations Thread 9" [_thread_blocked, id=16248, stack(0x000000ebfb400000,0x000000ebfb500000)]
  0x000002533b15a800 JavaThread "Unconstrained build operations Thread 10" [_thread_blocked, id=15900, stack(0x000000ebfb500000,0x000000ebfb600000)]
  0x000002533b15b000 JavaThread "Unconstrained build operations Thread 11" [_thread_blocked, id=15472, stack(0x000000ebfb600000,0x000000ebfb700000)]
  0x000002533b15d000 JavaThread "Unconstrained build operations Thread 12" [_thread_blocked, id=15896, stack(0x000000ebfb700000,0x000000ebfb800000)]
  0x000002533b157000 JavaThread "Unconstrained build operations Thread 13" [_thread_blocked, id=2832, stack(0x000000ebfb800000,0x000000ebfb900000)]
  0x000002533b161000 JavaThread "Unconstrained build operations Thread 14" [_thread_blocked, id=10724, stack(0x000000ebfb900000,0x000000ebfba00000)]
  0x000002533b161800 JavaThread "Unconstrained build operations Thread 15" [_thread_blocked, id=16676, stack(0x000000ebfba00000,0x000000ebfbb00000)]
  0x000002533b162800 JavaThread "Unconstrained build operations Thread 16" [_thread_blocked, id=14676, stack(0x000000ebfbb00000,0x000000ebfbc00000)]
  0x000002533b160000 JavaThread "Unconstrained build operations Thread 17" [_thread_blocked, id=12248, stack(0x000000ebfbc00000,0x000000ebfbd00000)]
  0x000002533b163800 JavaThread "Unconstrained build operations Thread 18" [_thread_blocked, id=7808, stack(0x000000ebfbd00000,0x000000ebfbe00000)]
  0x000002533b15d800 JavaThread "Unconstrained build operations Thread 19" [_thread_blocked, id=15844, stack(0x000000ebfbe00000,0x000000ebfbf00000)]
  0x000002533b15e800 JavaThread "Unconstrained build operations Thread 20" [_thread_blocked, id=13340, stack(0x000000ebfbf00000,0x000000ebfc000000)]
  0x000002533b15f800 JavaThread "Unconstrained build operations Thread 21" [_thread_blocked, id=1108, stack(0x000000ebfc000000,0x000000ebfc100000)]
  0x000002533b165000 JavaThread "Unconstrained build operations Thread 22" [_thread_blocked, id=3080, stack(0x000000ebfc100000,0x000000ebfc200000)]
  0x000002533b164000 JavaThread "Unconstrained build operations Thread 23" [_thread_blocked, id=9120, stack(0x000000ebfc200000,0x000000ebfc300000)]
  0x0000025336fc4800 JavaThread "Unconstrained build operations Thread 24" [_thread_blocked, id=9380, stack(0x000000ebfc300000,0x000000ebfc400000)]
  0x0000025336fc7800 JavaThread "Unconstrained build operations Thread 25" [_thread_blocked, id=3128, stack(0x000000ebfc400000,0x000000ebfc500000)]
  0x0000025336fc3800 JavaThread "Unconstrained build operations Thread 26" [_thread_blocked, id=10740, stack(0x000000ebfc500000,0x000000ebfc600000)]
  0x0000025336fc6800 JavaThread "Unconstrained build operations Thread 27" [_thread_blocked, id=4144, stack(0x000000ebfc600000,0x000000ebfc700000)]
  0x0000025336fc5000 JavaThread "Unconstrained build operations Thread 28" [_thread_blocked, id=8088, stack(0x000000ebfc700000,0x000000ebfc800000)]
  0x0000025336fc8800 JavaThread "Unconstrained build operations Thread 29" [_thread_blocked, id=1528, stack(0x000000ebfc800000,0x000000ebfc900000)]
  0x0000025336fca000 JavaThread "Unconstrained build operations Thread 30" [_thread_blocked, id=7404, stack(0x000000ebfc900000,0x000000ebfca00000)]
  0x0000025336fc6000 JavaThread "Unconstrained build operations Thread 31" [_thread_blocked, id=10936, stack(0x000000ebfca00000,0x000000ebfcb00000)]
  0x0000025336fcd800 JavaThread "Unconstrained build operations Thread 32" [_thread_blocked, id=9016, stack(0x000000ebfcb00000,0x000000ebfcc00000)]
  0x0000025336fce000 JavaThread "Unconstrained build operations Thread 33" [_thread_blocked, id=14460, stack(0x000000ebfcc00000,0x000000ebfcd00000)]
  0x0000025336fc9000 JavaThread "Unconstrained build operations Thread 34" [_thread_blocked, id=5488, stack(0x000000ebfcd00000,0x000000ebfce00000)]
  0x0000025336fcf000 JavaThread "Unconstrained build operations Thread 35" [_thread_blocked, id=17364, stack(0x000000ebfce00000,0x000000ebfcf00000)]
  0x0000025336fcb000 JavaThread "Unconstrained build operations Thread 36" [_thread_blocked, id=8116, stack(0x000000ebfcf00000,0x000000ebfd000000)]
  0x0000025336fcf800 JavaThread "Unconstrained build operations Thread 37" [_thread_blocked, id=8520, stack(0x000000ebfd000000,0x000000ebfd100000)]
  0x0000025336fd1800 JavaThread "Unconstrained build operations Thread 38" [_thread_blocked, id=15272, stack(0x000000ebfd100000,0x000000ebfd200000)]
  0x0000025336fd0800 JavaThread "Unconstrained build operations Thread 39" [_thread_blocked, id=17188, stack(0x000000ebfd200000,0x000000ebfd300000)]
  0x0000025336fcb800 JavaThread "Unconstrained build operations Thread 40" [_thread_blocked, id=11680, stack(0x000000ebfd300000,0x000000ebfd400000)]
  0x0000025336fd2000 JavaThread "Unconstrained build operations Thread 41" [_thread_blocked, id=13852, stack(0x000000ebfd400000,0x000000ebfd500000)]
  0x0000025336fcc800 JavaThread "Unconstrained build operations Thread 42" [_thread_blocked, id=13420, stack(0x000000ebfd500000,0x000000ebfd600000)]
  0x000002533988e000 JavaThread "Unconstrained build operations Thread 43" [_thread_blocked, id=1464, stack(0x000000ebfd600000,0x000000ebfd700000)]
  0x000002533988d800 JavaThread "Unconstrained build operations Thread 44" [_thread_blocked, id=14072, stack(0x000000ebfd700000,0x000000ebfd800000)]
  0x0000025339889800 JavaThread "Unconstrained build operations Thread 45" [_thread_blocked, id=8996, stack(0x000000ebfd800000,0x000000ebfd900000)]
  0x000002533988a000 JavaThread "Unconstrained build operations Thread 46" [_thread_blocked, id=8020, stack(0x000000ebfd900000,0x000000ebfda00000)]
  0x000002533988f000 JavaThread "Unconstrained build operations Thread 47" [_thread_blocked, id=9232, stack(0x000000ebfda00000,0x000000ebfdb00000)]
  0x000002533988b800 JavaThread "Unconstrained build operations Thread 48" [_thread_blocked, id=15108, stack(0x000000ebfdb00000,0x000000ebfdc00000)]
  0x0000025339890000 JavaThread "Unconstrained build operations Thread 49" [_thread_blocked, id=15628, stack(0x000000ebfdc00000,0x000000ebfdd00000)]
  0x000002533988c800 JavaThread "Unconstrained build operations Thread 50" [_thread_blocked, id=10420, stack(0x000000ebfdd00000,0x000000ebfde00000)]
  0x000002533988b000 JavaThread "Unconstrained build operations Thread 51" [_thread_blocked, id=2276, stack(0x000000ebfde00000,0x000000ebfdf00000)]
  0x0000025339892000 JavaThread "Unconstrained build operations Thread 52" [_thread_blocked, id=2164, stack(0x000000ebfdf00000,0x000000ebfe000000)]
  0x0000025339896800 JavaThread "Unconstrained build operations Thread 53" [_thread_blocked, id=15008, stack(0x000000ebfe000000,0x000000ebfe100000)]
  0x0000025339895800 JavaThread "Unconstrained build operations Thread 54" [_thread_blocked, id=16532, stack(0x000000ebfe100000,0x000000ebfe200000)]
  0x0000025339891800 JavaThread "Unconstrained build operations Thread 55" [_thread_blocked, id=15824, stack(0x000000ebfe200000,0x000000ebfe300000)]
  0x0000025339890800 JavaThread "Unconstrained build operations Thread 56" [_thread_blocked, id=13500, stack(0x000000ebfe300000,0x000000ebfe400000)]
  0x0000025339898000 JavaThread "Unconstrained build operations Thread 57" [_thread_blocked, id=16372, stack(0x000000ebfe400000,0x000000ebfe500000)]
  0x0000025339897000 JavaThread "Unconstrained build operations Thread 58" [_thread_blocked, id=3732, stack(0x000000ebfe500000,0x000000ebfe600000)]
  0x0000025339893000 JavaThread "Unconstrained build operations Thread 59" [_thread_blocked, id=7112, stack(0x000000ebfe600000,0x000000ebfe700000)]
  0x0000025339894000 JavaThread "Unconstrained build operations Thread 60" [_thread_blocked, id=16256, stack(0x000000ebfe700000,0x000000ebfe800000)]
  0x0000025339894800 JavaThread "Unconstrained build operations Thread 61" [_thread_blocked, id=15400, stack(0x000000ebfe800000,0x000000ebfe900000)]
  0x000002533989e000 JavaThread "Unconstrained build operations Thread 62" [_thread_blocked, id=10188, stack(0x000000ebfe900000,0x000000ebfea00000)]
  0x000002533989f000 JavaThread "Unconstrained build operations Thread 63" [_thread_blocked, id=9788, stack(0x000000ebfea00000,0x000000ebfeb00000)]
  0x000002533989b000 JavaThread "Unconstrained build operations Thread 64" [_thread_blocked, id=12588, stack(0x000000ebfeb00000,0x000000ebfec00000)]
  0x000002533989a000 JavaThread "Unconstrained build operations Thread 65" [_thread_blocked, id=11456, stack(0x000000ebfec00000,0x000000ebfed00000)]
  0x000002533989b800 JavaThread "Unconstrained build operations Thread 66" [_thread_blocked, id=16496, stack(0x000000ebfed00000,0x000000ebfee00000)]
  0x000002533989d800 JavaThread "Unconstrained build operations Thread 67" [_thread_blocked, id=10500, stack(0x000000ebfee00000,0x000000ebfef00000)]
  0x000002533989c800 JavaThread "Unconstrained build operations Thread 68" [_thread_blocked, id=6572, stack(0x000000ebfef00000,0x000000ebff000000)]
  0x0000025339899800 JavaThread "Unconstrained build operations Thread 69" [_thread_blocked, id=9284, stack(0x000000ebff000000,0x000000ebff100000)]
  0x00000253398a0800 JavaThread "Unconstrained build operations Thread 70" [_thread_blocked, id=11940, stack(0x000000ebff100000,0x000000ebff200000)]
  0x00000253398a1800 JavaThread "Unconstrained build operations Thread 71" [_thread_blocked, id=11976, stack(0x000000ebff200000,0x000000ebff300000)]
  0x00000253398a2000 JavaThread "Unconstrained build operations Thread 72" [_thread_blocked, id=16728, stack(0x000000ebff300000,0x000000ebff400000)]
  0x00000253398a5800 JavaThread "Unconstrained build operations Thread 73" [_thread_blocked, id=8156, stack(0x000000ebff400000,0x000000ebff500000)]
  0x00000253398a0000 JavaThread "Unconstrained build operations Thread 74" [_thread_blocked, id=3160, stack(0x000000ebff500000,0x000000ebff600000)]
  0x00000253398a4800 JavaThread "Unconstrained build operations Thread 75" [_thread_blocked, id=12608, stack(0x000000ebff600000,0x000000ebff700000)]
  0x00000253398a7000 JavaThread "Unconstrained build operations Thread 76" [_thread_blocked, id=4928, stack(0x000000ebff700000,0x000000ebff800000)]
  0x00000253398a6800 JavaThread "Unconstrained build operations Thread 77" [_thread_blocked, id=17096, stack(0x000000ebff800000,0x000000ebff900000)]
  0x00000253398a4000 JavaThread "Unconstrained build operations Thread 78" [_thread_blocked, id=14916, stack(0x000000ebff900000,0x000000ebffa00000)]
  0x00000253398a8000 JavaThread "Unconstrained build operations Thread 79" [_thread_blocked, id=10892, stack(0x000000ebffa00000,0x000000ebffb00000)]
  0x00000253398a3000 JavaThread "Unconstrained build operations Thread 80" [_thread_blocked, id=460, stack(0x000000ebffb00000,0x000000ebffc00000)]
  0x0000025335292800 JavaThread "Memory manager" [_thread_blocked, id=12956, stack(0x000000ebffc00000,0x000000ebffd00000)]

Other Threads:
=>0x000002533437e800 VMThread "VM Thread" [stack: 0x000000ebf7a00000,0x000000ebf7b00000] [id=4228]
  0x0000025334ebe000 WatcherThread [stack: 0x000000ebf8400000,0x000000ebf8500000] [id=6232]
  0x0000025319735000 GCTaskThread "GC Thread#0" [stack: 0x000000ebf7500000,0x000000ebf7600000] [id=17076]
  0x00000253353c7000 GCTaskThread "GC Thread#1" [stack: 0x000000ebf8500000,0x000000ebf8600000] [id=5424]
  0x0000025336659000 GCTaskThread "GC Thread#2" [stack: 0x000000ebf8700000,0x000000ebf8800000] [id=6720]
  0x0000025337056800 GCTaskThread "GC Thread#3" [stack: 0x000000ebf8800000,0x000000ebf8900000] [id=2548]
  0x0000025335b3c800 GCTaskThread "GC Thread#4" [stack: 0x000000ebf9400000,0x000000ebf9500000] [id=7400]
  0x00000253351f7000 GCTaskThread "GC Thread#5" [stack: 0x000000ebf9500000,0x000000ebf9600000] [id=6592]
  0x0000025335b49800 GCTaskThread "GC Thread#6" [stack: 0x000000ebf9600000,0x000000ebf9700000] [id=2180]
  0x0000025335015000 GCTaskThread "GC Thread#7" [stack: 0x000000ebf9700000,0x000000ebf9800000] [id=9328]
  0x0000025319765800 ConcurrentGCThread "G1 Main Marker" [stack: 0x000000ebf7600000,0x000000ebf7700000] [id=2236]
  0x0000025319767000 ConcurrentGCThread "G1 Conc#0" [stack: 0x000000ebf7700000,0x000000ebf7800000] [id=15040]
  0x00000253370bf000 ConcurrentGCThread "G1 Conc#1" [stack: 0x000000ebf9800000,0x000000ebf9900000] [id=16812]
  0x00000253197e9800 ConcurrentGCThread "G1 Refine#0" [stack: 0x000000ebf7800000,0x000000ebf7900000] [id=12112]
  0x00000253197ea800 ConcurrentGCThread "G1 Young RemSet Sampling" [stack: 0x000000ebf7900000,0x000000ebf7a00000] [id=9372]

Threads with active compile tasks:
C2 CompilerThread0  22653 6514 %     4       java.util.regex.Matcher::search @ 46 (154 bytes)

VM state:at safepoint (normal execution)

VM Mutex/Monitor currently owned by a thread:  ([mutex/lock_event])
[0x0000025319719100] Threads_lock - owner thread: 0x000002533437e800
[0x00000253197193d0] Heap_lock - owner thread: 0x0000025334da6000

Heap address: 0x0000000080000000, size: 2048 MB, Compressed Oops mode: 32-bit
Narrow klass base: 0x0000000000000000, Narrow klass shift: 3
Compressed class space size: 1073741824 Address: 0x0000000100000000

Heap:
 garbage-first heap   total 143360K, used 83302K [0x0000000080000000, 0x0000000100000000)
  region size 1024K, 2 young (2048K), 2 survivors (2048K)
 Metaspace       used 63739K, capacity 65369K, committed 65740K, reserved 1105920K
  class space    used 8150K, capacity 8784K, committed 8908K, reserved 1048576K
Heap Regions: E=young(eden), S=young(survivor), O=old, HS=humongous(starts), HC=humongous(continues), CS=collection set, F=free, A=archive, TAMS=top-at-mark-start (previous, next)
|   0|0x0000000080000000, 0x0000000080100000, 0x0000000080100000|100%| O|  |TAMS 0x0000000080100000, 0x0000000080000000| Untracked 
|   1|0x0000000080100000, 0x0000000080200000, 0x0000000080200000|100%| O|  |TAMS 0x0000000080200000, 0x0000000080100000| Untracked 
|   2|0x0000000080200000, 0x0000000080300000, 0x0000000080300000|100%| O|  |TAMS 0x0000000080300000, 0x0000000080200000| Untracked 
|   3|0x0000000080300000, 0x0000000080400000, 0x0000000080400000|100%|HS|  |TAMS 0x0000000080400000, 0x0000000080300000| Complete 
|   4|0x0000000080400000, 0x0000000080500000, 0x0000000080500000|100%|HC|  |TAMS 0x0000000080500000, 0x0000000080400000| Complete 
|   5|0x0000000080500000, 0x0000000080600000, 0x0000000080600000|100%|HC|  |TAMS 0x0000000080600000, 0x0000000080500000| Complete 
|   6|0x0000000080600000, 0x0000000080700000, 0x0000000080700000|100%| O|  |TAMS 0x0000000080700000, 0x0000000080600000| Untracked 
|   7|0x0000000080700000, 0x0000000080800000, 0x0000000080800000|100%| O|  |TAMS 0x0000000080800000, 0x0000000080700000| Untracked 
|   8|0x0000000080800000, 0x0000000080900000, 0x0000000080900000|100%| O|  |TAMS 0x0000000080900000, 0x0000000080800000| Untracked 
|   9|0x0000000080900000, 0x0000000080a00000, 0x0000000080a00000|100%| O|  |TAMS 0x0000000080a00000, 0x0000000080900000| Untracked 
|  10|0x0000000080a00000, 0x0000000080b00000, 0x0000000080b00000|100%| O|  |TAMS 0x0000000080b00000, 0x0000000080a00000| Untracked 
|  11|0x0000000080b00000, 0x0000000080c00000, 0x0000000080c00000|100%| O|  |TAMS 0x0000000080c00000, 0x0000000080b00000| Untracked 
|  12|0x0000000080c00000, 0x0000000080d00000, 0x0000000080d00000|100%| O|  |TAMS 0x0000000080d00000, 0x0000000080c00000| Untracked 
|  13|0x0000000080d00000, 0x0000000080e00000, 0x0000000080e00000|100%| O|  |TAMS 0x0000000080e00000, 0x0000000080d00000| Untracked 
|  14|0x0000000080e00000, 0x0000000080f00000, 0x0000000080f00000|100%| O|  |TAMS 0x0000000080f00000, 0x0000000080e00000| Untracked 
|  15|0x0000000080f00000, 0x0000000081000000, 0x0000000081000000|100%|HS|  |TAMS 0x0000000081000000, 0x0000000080f00000| Complete 
|  16|0x0000000081000000, 0x0000000081100000, 0x0000000081100000|100%|HC|  |TAMS 0x0000000081100000, 0x0000000081000000| Complete 
|  17|0x0000000081100000, 0x0000000081200000, 0x0000000081200000|100%|HS|  |TAMS 0x0000000081200000, 0x0000000081100000| Complete 
|  18|0x0000000081200000, 0x0000000081300000, 0x0000000081300000|100%|HC|  |TAMS 0x0000000081300000, 0x0000000081200000| Complete 
|  19|0x0000000081300000, 0x0000000081400000, 0x0000000081400000|100%|HC|  |TAMS 0x0000000081400000, 0x0000000081300000| Complete 
|  20|0x0000000081400000, 0x0000000081500000, 0x0000000081500000|100%|HS|  |TAMS 0x0000000081500000, 0x0000000081400000| Complete 
|  21|0x0000000081500000, 0x0000000081600000, 0x0000000081600000|100%|HS|  |TAMS 0x0000000081600000, 0x0000000081500000| Complete 
|  22|0x0000000081600000, 0x0000000081700000, 0x0000000081700000|100%|HC|  |TAMS 0x0000000081700000, 0x0000000081600000| Complete 
|  23|0x0000000081700000, 0x0000000081800000, 0x0000000081800000|100%|HC|  |TAMS 0x0000000081800000, 0x0000000081700000| Complete 
|  24|0x0000000081800000, 0x0000000081900000, 0x0000000081900000|100%|HC|  |TAMS 0x0000000081900000, 0x0000000081800000| Complete 
|  25|0x0000000081900000, 0x0000000081a00000, 0x0000000081a00000|100%| O|  |TAMS 0x0000000081a00000, 0x0000000081900000| Untracked 
|  26|0x0000000081a00000, 0x0000000081b00000, 0x0000000081b00000|100%| O|  |TAMS 0x0000000081b00000, 0x0000000081a00000| Untracked 
|  27|0x0000000081b00000, 0x0000000081c00000, 0x0000000081c00000|100%| O|  |TAMS 0x0000000081c00000, 0x0000000081b00000| Untracked 
|  28|0x0000000081c00000, 0x0000000081d00000, 0x0000000081d00000|100%| O|  |TAMS 0x0000000081d00000, 0x0000000081c00000| Untracked 
|  29|0x0000000081d00000, 0x0000000081e00000, 0x0000000081e00000|100%| O|  |TAMS 0x0000000081e00000, 0x0000000081d00000| Untracked 
|  30|0x0000000081e00000, 0x0000000081f00000, 0x0000000081f00000|100%| O|  |TAMS 0x0000000081f00000, 0x0000000081e00000| Untracked 
|  31|0x0000000081f00000, 0x0000000082000000, 0x0000000082000000|100%| O|  |TAMS 0x0000000082000000, 0x0000000081f00000| Untracked 
|  32|0x0000000082000000, 0x0000000082100000, 0x0000000082100000|100%| O|  |TAMS 0x0000000082100000, 0x0000000082000000| Untracked 
|  33|0x0000000082100000, 0x0000000082200000, 0x0000000082200000|100%| O|  |TAMS 0x0000000082200000, 0x0000000082100000| Untracked 
|  34|0x0000000082200000, 0x0000000082300000, 0x0000000082300000|100%| O|  |TAMS 0x0000000082300000, 0x0000000082200000| Untracked 
|  35|0x0000000082300000, 0x0000000082400000, 0x0000000082400000|100%|HS|  |TAMS 0x0000000082400000, 0x0000000082300000| Complete 
|  36|0x0000000082400000, 0x0000000082500000, 0x0000000082500000|100%| O|  |TAMS 0x0000000082500000, 0x0000000082400000| Untracked 
|  37|0x0000000082500000, 0x0000000082600000, 0x0000000082600000|100%| O|  |TAMS 0x0000000082600000, 0x0000000082500000| Untracked 
|  38|0x0000000082600000, 0x0000000082700000, 0x0000000082700000|100%| O|  |TAMS 0x0000000082700000, 0x0000000082600000| Untracked 
|  39|0x0000000082700000, 0x0000000082800000, 0x0000000082800000|100%| O|  |TAMS 0x0000000082800000, 0x0000000082700000| Untracked 
|  40|0x0000000082800000, 0x0000000082900000, 0x0000000082900000|100%| O|  |TAMS 0x0000000082900000, 0x0000000082800000| Untracked 
|  41|0x0000000082900000, 0x0000000082a00000, 0x0000000082a00000|100%| O|  |TAMS 0x0000000082a00000, 0x0000000082900000| Untracked 
|  42|0x0000000082a00000, 0x0000000082b00000, 0x0000000082b00000|100%| O|  |TAMS 0x0000000082b00000, 0x0000000082a00000| Untracked 
|  43|0x0000000082b00000, 0x0000000082c00000, 0x0000000082c00000|100%|HS|  |TAMS 0x0000000082c00000, 0x0000000082b00000| Complete 
|  44|0x0000000082c00000, 0x0000000082d00000, 0x0000000082d00000|100%|HC|  |TAMS 0x0000000082d00000, 0x0000000082c00000| Complete 
|  45|0x0000000082d00000, 0x0000000082e00000, 0x0000000082e00000|100%|HC|  |TAMS 0x0000000082e00000, 0x0000000082d00000| Complete 
|  46|0x0000000082e00000, 0x0000000082f00000, 0x0000000082f00000|100%| O|  |TAMS 0x0000000082f00000, 0x0000000082e00000| Untracked 
|  47|0x0000000082f00000, 0x0000000083000000, 0x0000000083000000|100%| O|  |TAMS 0x0000000083000000, 0x0000000082f00000| Untracked 
|  48|0x0000000083000000, 0x0000000083100000, 0x0000000083100000|100%| O|  |TAMS 0x0000000083100000, 0x0000000083000000| Untracked 
|  49|0x0000000083100000, 0x0000000083200000, 0x0000000083200000|100%| O|  |TAMS 0x0000000083200000, 0x0000000083100000| Untracked 
|  50|0x0000000083200000, 0x0000000083300000, 0x0000000083300000|100%| O|  |TAMS 0x0000000083300000, 0x0000000083200000| Untracked 
|  51|0x0000000083300000, 0x0000000083400000, 0x0000000083400000|100%|HS|  |TAMS 0x0000000083400000, 0x0000000083300000| Complete 
|  52|0x0000000083400000, 0x0000000083500000, 0x0000000083500000|100%|HC|  |TAMS 0x0000000083500000, 0x0000000083400000| Complete 
|  53|0x0000000083500000, 0x0000000083600000, 0x0000000083600000|100%|HC|  |TAMS 0x0000000083600000, 0x0000000083500000| Complete 
|  54|0x0000000083600000, 0x0000000083700000, 0x0000000083700000|100%|HC|  |TAMS 0x0000000083700000, 0x0000000083600000| Complete 
|  55|0x0000000083700000, 0x0000000083800000, 0x0000000083800000|100%| O|  |TAMS 0x0000000083800000, 0x0000000083700000| Untracked 
|  56|0x0000000083800000, 0x0000000083900000, 0x0000000083900000|100%| O|  |TAMS 0x0000000083900000, 0x0000000083800000| Untracked 
|  57|0x0000000083900000, 0x0000000083a00000, 0x0000000083a00000|100%| O|  |TAMS 0x0000000083a00000, 0x0000000083900000| Untracked 
|  58|0x0000000083a00000, 0x0000000083b00000, 0x0000000083b00000|100%|HS|  |TAMS 0x0000000083b00000, 0x0000000083a00000| Complete 
|  59|0x0000000083b00000, 0x0000000083c00000, 0x0000000083c00000|100%|HS|  |TAMS 0x0000000083c00000, 0x0000000083b00000| Complete 
|  60|0x0000000083c00000, 0x0000000083d00000, 0x0000000083d00000|100%|HS|  |TAMS 0x0000000083d00000, 0x0000000083c00000| Complete 
|  61|0x0000000083d00000, 0x0000000083e00000, 0x0000000083e00000|100%| O|  |TAMS 0x0000000083e00000, 0x0000000083d00000| Untracked 
|  62|0x0000000083e00000, 0x0000000083f00000, 0x0000000083f00000|100%| O|  |TAMS 0x0000000083f00000, 0x0000000083e00000| Untracked 
|  63|0x0000000083f00000, 0x0000000084000000, 0x0000000084000000|100%| O|  |TAMS 0x0000000084000000, 0x0000000083f00000| Untracked 
|  64|0x0000000084000000, 0x0000000084100000, 0x0000000084100000|100%|HS|  |TAMS 0x0000000084100000, 0x0000000084000000| Complete 
|  65|0x0000000084100000, 0x0000000084200000, 0x0000000084200000|100%|HC|  |TAMS 0x0000000084200000, 0x0000000084100000| Complete 
|  66|0x0000000084200000, 0x0000000084300000, 0x0000000084300000|100%|HC|  |TAMS 0x0000000084300000, 0x0000000084200000| Complete 
|  67|0x0000000084300000, 0x0000000084400000, 0x0000000084400000|100%| O|  |TAMS 0x0000000084400000, 0x0000000084300000| Untracked 
|  68|0x0000000084400000, 0x0000000084500000, 0x0000000084500000|100%| O|  |TAMS 0x0000000084500000, 0x0000000084400000| Untracked 
|  69|0x0000000084500000, 0x0000000084600000, 0x0000000084600000|100%| O|  |TAMS 0x0000000084600000, 0x0000000084500000| Untracked 
|  70|0x0000000084600000, 0x0000000084700000, 0x0000000084700000|100%|HS|  |TAMS 0x0000000084700000, 0x0000000084600000| Complete 
|  71|0x0000000084700000, 0x0000000084800000, 0x0000000084800000|100%|HC|  |TAMS 0x0000000084800000, 0x0000000084700000| Complete 
|  72|0x0000000084800000, 0x0000000084900000, 0x0000000084900000|100%| O|  |TAMS 0x0000000084900000, 0x0000000084800000| Untracked 
|  73|0x0000000084900000, 0x0000000084a00000, 0x0000000084a00000|100%| O|  |TAMS 0x0000000084a00000, 0x0000000084900000| Untracked 
|  74|0x0000000084a00000, 0x0000000084b00000, 0x0000000084b00000|100%| O|  |TAMS 0x0000000084b00000, 0x0000000084a00000| Untracked 
|  75|0x0000000084b00000, 0x0000000084c00000, 0x0000000084c00000|100%| O|  |TAMS 0x0000000084c00000, 0x0000000084b00000| Untracked 
|  76|0x0000000084c00000, 0x0000000084d00000, 0x0000000084d00000|100%| O|  |TAMS 0x0000000084d00000, 0x0000000084c00000| Untracked 
|  77|0x0000000084d00000, 0x0000000084e00000, 0x0000000084e00000|100%| O|  |TAMS 0x0000000084dbf400, 0x0000000084d00000| Untracked 
|  78|0x0000000084e00000, 0x0000000084f00000, 0x0000000084f00000|100%| O|  |TAMS 0x0000000084e00000, 0x0000000084e00000| Untracked 
|  79|0x0000000084f00000, 0x0000000084f59800, 0x0000000085000000| 34%| O|  |TAMS 0x0000000084f00000, 0x0000000084f00000| Untracked 
|  80|0x0000000085000000, 0x0000000085000000, 0x0000000085100000|  0%| F|  |TAMS 0x0000000085000000, 0x0000000085000000| Untracked 
|  81|0x0000000085100000, 0x0000000085100000, 0x0000000085200000|  0%| F|  |TAMS 0x0000000085100000, 0x0000000085100000| Untracked 
|  82|0x0000000085200000, 0x0000000085200000, 0x0000000085300000|  0%| F|  |TAMS 0x0000000085200000, 0x0000000085200000| Untracked 
|  83|0x0000000085300000, 0x0000000085300000, 0x0000000085400000|  0%| F|  |TAMS 0x0000000085300000, 0x0000000085300000| Untracked 
|  84|0x0000000085400000, 0x0000000085400000, 0x0000000085500000|  0%| F|  |TAMS 0x0000000085400000, 0x0000000085400000| Untracked 
|  85|0x0000000085500000, 0x0000000085500000, 0x0000000085600000|  0%| F|  |TAMS 0x0000000085500000, 0x0000000085500000| Untracked 
|  86|0x0000000085600000, 0x0000000085600000, 0x0000000085700000|  0%| F|  |TAMS 0x0000000085600000, 0x0000000085600000| Untracked 
|  87|0x0000000085700000, 0x0000000085700000, 0x0000000085800000|  0%| F|  |TAMS 0x0000000085700000, 0x0000000085700000| Untracked 
|  88|0x0000000085800000, 0x0000000085800000, 0x0000000085900000|  0%| F|  |TAMS 0x0000000085800000, 0x0000000085800000| Untracked 
|  89|0x0000000085900000, 0x0000000085900000, 0x0000000085a00000|  0%| F|  |TAMS 0x0000000085900000, 0x0000000085900000| Untracked 
|  90|0x0000000085a00000, 0x0000000085a00000, 0x0000000085b00000|  0%| F|  |TAMS 0x0000000085a00000, 0x0000000085a00000| Untracked 
|  91|0x0000000085b00000, 0x0000000085b00000, 0x0000000085c00000|  0%| F|  |TAMS 0x0000000085b00000, 0x0000000085b00000| Untracked 
|  92|0x0000000085c00000, 0x0000000085c00000, 0x0000000085d00000|  0%| F|  |TAMS 0x0000000085c00000, 0x0000000085c00000| Untracked 
|  93|0x0000000085d00000, 0x0000000085d00000, 0x0000000085e00000|  0%| F|  |TAMS 0x0000000085d00000, 0x0000000085d00000| Untracked 
|  94|0x0000000085e00000, 0x0000000085e00000, 0x0000000085f00000|  0%| F|  |TAMS 0x0000000085e00000, 0x0000000085e00000| Untracked 
|  95|0x0000000085f00000, 0x0000000085f00000, 0x0000000086000000|  0%| F|  |TAMS 0x0000000085f00000, 0x0000000085f00000| Untracked 
|  96|0x0000000086000000, 0x0000000086000000, 0x0000000086100000|  0%| F|  |TAMS 0x0000000086000000, 0x0000000086000000| Untracked 
|  97|0x0000000086100000, 0x0000000086100000, 0x0000000086200000|  0%| F|  |TAMS 0x0000000086100000, 0x0000000086100000| Untracked 
|  98|0x0000000086200000, 0x0000000086200000, 0x0000000086300000|  0%| F|  |TAMS 0x0000000086200000, 0x0000000086200000| Untracked 
|  99|0x0000000086300000, 0x0000000086400000, 0x0000000086400000|100%| S|CS|TAMS 0x0000000086300000, 0x0000000086300000| Complete 
| 100|0x0000000086400000, 0x0000000086500000, 0x0000000086500000|100%| S|CS|TAMS 0x0000000086400000, 0x0000000086400000| Complete 
| 101|0x0000000086500000, 0x0000000086500000, 0x0000000086600000|  0%| F|  |TAMS 0x0000000086500000, 0x0000000086500000| Untracked 
| 102|0x0000000086600000, 0x0000000086600000, 0x0000000086700000|  0%| F|  |TAMS 0x0000000086600000, 0x0000000086600000| Untracked 
| 103|0x0000000086700000, 0x0000000086700000, 0x0000000086800000|  0%| F|  |TAMS 0x0000000086700000, 0x0000000086700000| Untracked 
| 104|0x0000000086800000, 0x0000000086800000, 0x0000000086900000|  0%| F|  |TAMS 0x0000000086800000, 0x0000000086800000| Untracked 
| 105|0x0000000086900000, 0x0000000086900000, 0x0000000086a00000|  0%| F|  |TAMS 0x0000000086900000, 0x0000000086900000| Untracked 
| 106|0x0000000086a00000, 0x0000000086a00000, 0x0000000086b00000|  0%| F|  |TAMS 0x0000000086a00000, 0x0000000086a00000| Untracked 
| 107|0x0000000086b00000, 0x0000000086b00000, 0x0000000086c00000|  0%| F|  |TAMS 0x0000000086b00000, 0x0000000086b00000| Untracked 
| 108|0x0000000086c00000, 0x0000000086c00000, 0x0000000086d00000|  0%| F|  |TAMS 0x0000000086c00000, 0x0000000086c00000| Untracked 
| 109|0x0000000086d00000, 0x0000000086d00000, 0x0000000086e00000|  0%| F|  |TAMS 0x0000000086d00000, 0x0000000086d00000| Untracked 
| 110|0x0000000086e00000, 0x0000000086e00000, 0x0000000086f00000|  0%| F|  |TAMS 0x0000000086e00000, 0x0000000086e00000| Untracked 
| 111|0x0000000086f00000, 0x0000000086f00000, 0x0000000087000000|  0%| F|  |TAMS 0x0000000086f00000, 0x0000000086f00000| Untracked 
| 112|0x0000000087000000, 0x0000000087000000, 0x0000000087100000|  0%| F|  |TAMS 0x0000000087000000, 0x0000000087000000| Untracked 
| 113|0x0000000087100000, 0x0000000087100000, 0x0000000087200000|  0%| F|  |TAMS 0x0000000087100000, 0x0000000087100000| Untracked 
| 114|0x0000000087200000, 0x0000000087200000, 0x0000000087300000|  0%| F|  |TAMS 0x0000000087200000, 0x0000000087200000| Untracked 
| 115|0x0000000087300000, 0x0000000087300000, 0x0000000087400000|  0%| F|  |TAMS 0x0000000087300000, 0x0000000087300000| Untracked 

Card table byte_map: [0x000002532d0d0000,0x000002532d4d0000] _byte_map_base: 0x000002532ccd0000

Marking Bits (Prev, Next): (CMBitMap*) 0x000002531975cd40, (CMBitMap*) 0x000002531975cd08
 Prev Bits: [0x000002532f8d0000, 0x00000253318d0000)
 Next Bits: [0x000002532d8d0000, 0x000002532f8d0000)

Polling page: 0x0000025319800000

Metaspace:

Usage:
  Non-class:     55.26 MB capacity,    54.29 MB ( 98%) used,   827.02 KB (  1%) free+waste,   168.69 KB ( <1%) overhead. 
      Class:      8.58 MB capacity,     7.96 MB ( 93%) used,   553.41 KB (  6%) free+waste,    80.25 KB ( <1%) overhead. 
       Both:     63.84 MB capacity,    62.25 MB ( 98%) used,     1.35 MB (  2%) free+waste,   248.94 KB ( <1%) overhead. 

Virtual space:
  Non-class space:       56.00 MB reserved,      55.50 MB (>99%) committed 
      Class space:        1.00 GB reserved,       8.70 MB ( <1%) committed 
             Both:        1.05 GB reserved,      64.20 MB (  6%) committed 

Chunk freelists:
   Non-Class:  55.00 KB
       Class:  16.00 KB
        Both:  71.00 KB

MaxMetaspaceSize: 17179869184.00 GB
CompressedClassSpaceSize: 1.00 GB
Initial GC threshold: 20.80 MB
Current GC threshold: 105.96 MB
CDS: off

CodeHeap 'non-profiled nmethods': size=120000Kb used=3266Kb max_used=3266Kb free=116733Kb
 bounds [0x0000025324d20000, 0x0000025325060000, 0x000002532c250000]
CodeHeap 'profiled nmethods': size=120000Kb used=13851Kb max_used=13851Kb free=106148Kb
 bounds [0x000002531d7f0000, 0x000002531e580000, 0x0000025324d20000]
CodeHeap 'non-nmethods': size=5760Kb used=2343Kb max_used=2383Kb free=3416Kb
 bounds [0x000002531d250000, 0x000002531d4c0000, 0x000002531d7f0000]
 total_blobs=7380 nmethods=6530 adapters=761
 compilation: enabled
              stopped_count=0, restarted_count=0
 full_count=0

Compilation events (20 events):
Event: 22.511 Thread 0x00000253343b6000 6618       2       org.gradle.internal.snapshot.impl.IsolatedArray::<init> (11 bytes)
Event: 22.511 Thread 0x00000253343b6000 nmethod 6618 0x000002531e572a90 code [0x000002531e572c40, 0x000002531e572dd8]
Event: 22.512 Thread 0x00000253343b6000 6619       2       org.gradle.internal.snapshot.impl.DefaultValueSnapshotter$IsolatableVisitor::array (7 bytes)
Event: 22.512 Thread 0x00000253343b6000 nmethod 6619 0x000002531e572e90 code [0x000002531e573040, 0x000002531e573258]
Event: 22.512 Thread 0x00000253343b6000 6620       2       org.gradle.internal.snapshot.impl.DefaultValueSnapshotter$IsolatableVisitor::array (10 bytes)
Event: 22.512 Thread 0x00000253343b6000 nmethod 6620 0x000002531e573310 code [0x000002531e5734c0, 0x000002531e5736d8]
Event: 22.512 Thread 0x00000253343b6000 6621       2       org.gradle.api.internal.provider.DefaultValueSourceProviderFactory$ValueSourceProvider::calculateOwnValue (18 bytes)
Event: 22.513 Thread 0x00000253343b6000 nmethod 6621 0x000002531e573790 code [0x000002531e5739a0, 0x000002531e573ee8]
Event: 22.513 Thread 0x00000253343b6000 6622       2       org.gradle.api.internal.provider.DefaultValueSourceProviderFactory$ConfigurationTimeProvider::vetoAtConfigurationTime (1 bytes)
Event: 22.513 Thread 0x00000253343b6000 nmethod 6622 0x000002531e574190 code [0x000002531e574340, 0x000002531e574438]
Event: 22.513 Thread 0x00000253343b6000 6623       2       org.gradle.api.internal.provider.DefaultValueSourceProviderFactory$LazilyObtainedValue::obtain (23 bytes)
Event: 22.514 Thread 0x00000253343b6000 nmethod 6623 0x000002531e574510 code [0x000002531e574700, 0x000002531e574ae8]
Event: 22.518 Thread 0x00000253343b6000 6624       2       org.gradle.internal.instantiation.generator.DefaultInstantiatorFactory::decorateLenient (8 bytes)
Event: 22.518 Thread 0x00000253343b6000 nmethod 6624 0x000002531e574d10 code [0x000002531e574ec0, 0x000002531e574fb8]
Event: 22.543 Thread 0x00000253343b6000 6625   !   2       jdk.internal.loader.Resource::getBytes (242 bytes)
Event: 22.545 Thread 0x00000253343b6000 nmethod 6625 0x000002531e575090 code [0x000002531e575320, 0x000002531e5760c8]
Event: 22.558 Thread 0x00000253343b6000 6626       2       java.util.LinkedHashMap::get (33 bytes)
Event: 22.558 Thread 0x00000253343b6000 nmethod 6626 0x000002531e576890 code [0x000002531e576a60, 0x000002531e576c48]
Event: 22.563 Thread 0x00000253343ad000 nmethod 6483 0x0000025325042d10 code [0x0000025325043f20, 0x000002532504c1b0]
Event: 22.564 Thread 0x00000253343ad000 6514 %     4       java.util.regex.Matcher::search @ 46 (154 bytes)

GC Heap History (20 events):
Event: 19.702 GC heap after
{Heap after GC invocations=32 (full 0):
 garbage-first heap   total 98304K, used 78053K [0x0000000080000000, 0x0000000100000000)
  region size 1024K, 1 young (1024K), 1 survivors (1024K)
 Metaspace       used 52836K, capacity 54404K, committed 54476K, reserved 1095680K
  class space    used 6794K, capacity 7348K, committed 7372K, reserved 1048576K
}
Event: 19.788 GC heap before
{Heap before GC invocations=32 (full 0):
 garbage-first heap   total 98304K, used 81125K [0x0000000080000000, 0x0000000100000000)
  region size 1024K, 5 young (5120K), 1 survivors (1024K)
 Metaspace       used 53351K, capacity 54930K, committed 55116K, reserved 1097728K
  class space    used 6874K, capacity 7418K, committed 7500K, reserved 1048576K
}
Event: 19.790 GC heap after
{Heap after GC invocations=33 (full 0):
 garbage-first heap   total 98304K, used 78183K [0x0000000080000000, 0x0000000100000000)
  region size 1024K, 1 young (1024K), 1 survivors (1024K)
 Metaspace       used 53351K, capacity 54930K, committed 55116K, reserved 1097728K
  class space    used 6874K, capacity 7418K, committed 7500K, reserved 1048576K
}
Event: 19.961 GC heap before
{Heap before GC invocations=34 (full 0):
 garbage-first heap   total 98304K, used 83303K [0x0000000080000000, 0x0000000100000000)
  region size 1024K, 6 young (6144K), 1 survivors (1024K)
 Metaspace       used 53980K, capacity 55515K, committed 55628K, reserved 1097728K
  class space    used 6938K, capacity 7485K, committed 7500K, reserved 1048576K
}
Event: 19.963 GC heap after
{Heap after GC invocations=35 (full 0):
 garbage-first heap   total 98304K, used 78236K [0x0000000080000000, 0x0000000100000000)
  region size 1024K, 1 young (1024K), 1 survivors (1024K)
 Metaspace       used 53980K, capacity 55515K, committed 55628K, reserved 1097728K
  class space    used 6938K, capacity 7485K, committed 7500K, reserved 1048576K
}
Event: 20.055 GC heap before
{Heap before GC invocations=35 (full 0):
 garbage-first heap   total 98304K, used 83356K [0x0000000080000000, 0x0000000100000000)
  region size 1024K, 6 young (6144K), 1 survivors (1024K)
 Metaspace       used 54582K, capacity 56105K, committed 56268K, reserved 1097728K
  class space    used 7018K, capacity 7552K, committed 7628K, reserved 1048576K
}
Event: 20.058 GC heap after
{Heap after GC invocations=36 (full 0):
 garbage-first heap   total 98304K, used 78391K [0x0000000080000000, 0x0000000100000000)
  region size 1024K, 1 young (1024K), 1 survivors (1024K)
 Metaspace       used 54582K, capacity 56105K, committed 56268K, reserved 1097728K
  class space    used 7018K, capacity 7552K, committed 7628K, reserved 1048576K
}
Event: 20.264 GC heap before
{Heap before GC invocations=37 (full 0):
 garbage-first heap   total 98304K, used 82487K [0x0000000080000000, 0x0000000100000000)
  region size 1024K, 6 young (6144K), 1 survivors (1024K)
 Metaspace       used 55212K, capacity 56795K, committed 56908K, reserved 1097728K
  class space    used 7100K, capacity 7652K, committed 7756K, reserved 1048576K
}
Event: 20.268 GC heap after
{Heap after GC invocations=38 (full 0):
 garbage-first heap   total 98304K, used 78576K [0x0000000080000000, 0x0000000100000000)
  region size 1024K, 1 young (1024K), 1 survivors (1024K)
 Metaspace       used 55212K, capacity 56795K, committed 56908K, reserved 1097728K
  class space    used 7100K, capacity 7652K, committed 7756K, reserved 1048576K
}
Event: 20.457 GC heap before
{Heap before GC invocations=38 (full 0):
 garbage-first heap   total 98304K, used 82672K [0x0000000080000000, 0x0000000100000000)
  region size 1024K, 6 young (6144K), 1 survivors (1024K)
 Metaspace       used 55896K, capacity 57466K, committed 57804K, reserved 1099776K
  class space    used 7183K, capacity 7751K, committed 7884K, reserved 1048576K
}
Event: 20.463 GC heap after
{Heap after GC invocations=39 (full 0):
 garbage-first heap   total 98304K, used 78834K [0x0000000080000000, 0x0000000100000000)
  region size 1024K, 1 young (1024K), 1 survivors (1024K)
 Metaspace       used 55896K, capacity 57466K, committed 57804K, reserved 1099776K
  class space    used 7183K, capacity 7751K, committed 7884K, reserved 1048576K
}
Event: 20.744 GC heap before
{Heap before GC invocations=40 (full 0):
 garbage-first heap   total 98304K, used 83954K [0x0000000080000000, 0x0000000100000000)
  region size 1024K, 6 young (6144K), 1 survivors (1024K)
 Metaspace       used 56606K, capacity 58202K, committed 58316K, reserved 1099776K
  class space    used 7295K, capacity 7847K, committed 7884K, reserved 1048576K
}
Event: 20.748 GC heap after
{Heap after GC invocations=41 (full 0):
 garbage-first heap   total 118784K, used 78937K [0x0000000080000000, 0x0000000100000000)
  region size 1024K, 1 young (1024K), 1 survivors (1024K)
 Metaspace       used 56606K, capacity 58202K, committed 58316K, reserved 1099776K
  class space    used 7295K, capacity 7847K, committed 7884K, reserved 1048576K
}
Event: 21.224 GC heap before
{Heap before GC invocations=41 (full 0):
 garbage-first heap   total 118784K, used 91225K [0x0000000080000000, 0x0000000100000000)
  region size 1024K, 13 young (13312K), 1 survivors (1024K)
 Metaspace       used 58379K, capacity 59992K, committed 60108K, reserved 1101824K
  class space    used 7478K, capacity 8059K, committed 8140K, reserved 1048576K
}
Event: 21.230 GC heap after
{Heap after GC invocations=42 (full 0):
 garbage-first heap   total 118784K, used 79426K [0x0000000080000000, 0x0000000100000000)
  region size 1024K, 2 young (2048K), 2 survivors (2048K)
 Metaspace       used 58379K, capacity 59992K, committed 60108K, reserved 1101824K
  class space    used 7478K, capacity 8059K, committed 8140K, reserved 1048576K
}
Event: 21.747 GC heap before
{Heap before GC invocations=43 (full 0):
 garbage-first heap   total 118784K, used 92738K [0x0000000080000000, 0x0000000100000000)
  region size 1024K, 15 young (15360K), 2 survivors (2048K)
 Metaspace       used 60157K, capacity 61817K, committed 62156K, reserved 1103872K
  class space    used 7708K, capacity 8281K, committed 8396K, reserved 1048576K
}
Event: 21.751 GC heap after
{Heap after GC invocations=44 (full 0):
 garbage-first heap   total 118784K, used 79819K [0x0000000080000000, 0x0000000100000000)
  region size 1024K, 2 young (2048K), 2 survivors (2048K)
 Metaspace       used 60157K, capacity 61817K, committed 62156K, reserved 1103872K
  class space    used 7708K, capacity 8281K, committed 8396K, reserved 1048576K
}
Event: 22.302 GC heap before
{Heap before GC invocations=44 (full 0):
 garbage-first heap   total 118784K, used 94155K [0x0000000080000000, 0x0000000100000000)
  region size 1024K, 16 young (16384K), 2 survivors (2048K)
 Metaspace       used 63222K, capacity 64921K, committed 65100K, reserved 1105920K
  class space    used 8084K, capacity 8720K, committed 8780K, reserved 1048576K
}
Event: 22.309 GC heap after
{Heap after GC invocations=45 (full 0):
 garbage-first heap   total 118784K, used 81661K [0x0000000080000000, 0x0000000100000000)
  region size 1024K, 2 young (2048K), 2 survivors (2048K)
 Metaspace       used 63222K, capacity 64921K, committed 65100K, reserved 1105920K
  class space    used 8084K, capacity 8720K, committed 8780K, reserved 1048576K
}
Event: 22.582 GC heap before
{Heap before GC invocations=46 (full 0):
 garbage-first heap   total 118784K, used 94973K [0x0000000080000000, 0x0000000100000000)
  region size 1024K, 16 young (16384K), 2 survivors (2048K)
 Metaspace       used 63739K, capacity 65369K, committed 65740K, reserved 1105920K
  class space    used 8150K, capacity 8784K, committed 8908K, reserved 1048576K
}

Deoptimization events (20 events):
Event: 22.362 Thread 0x0000025334da6000 DEOPT PACKING pc=0x000002531d9c4457 sp=0x000000ebf8ef3360
Event: 22.362 Thread 0x0000025334da6000 DEOPT UNPACKING pc=0x000002531d29a95e sp=0x000000ebf8ef2910 mode 0
Event: 22.364 Thread 0x0000025334da6000 DEOPT PACKING pc=0x000002531d9c4457 sp=0x000000ebf8ef3360
Event: 22.364 Thread 0x0000025334da6000 DEOPT UNPACKING pc=0x000002531d29a95e sp=0x000000ebf8ef2910 mode 0
Event: 22.404 Thread 0x0000025334da6000 DEOPT PACKING pc=0x000002531e55bd63 sp=0x000000ebf8ef2df0
Event: 22.404 Thread 0x0000025334da6000 DEOPT UNPACKING pc=0x000002531d29a95e sp=0x000000ebf8ef22b0 mode 0
Event: 22.404 Thread 0x0000025334da6000 DEOPT PACKING pc=0x000002531e55b5d0 sp=0x000000ebf8ef2da0
Event: 22.404 Thread 0x0000025334da6000 DEOPT UNPACKING pc=0x000002531d29a95e sp=0x000000ebf8ef2218 mode 0
Event: 22.431 Thread 0x0000025334da6000 Uncommon trap: trap_request=0xffffffc6 fr.pc=0x0000025325003a6c relative=0x0000000000001c8c
Event: 22.431 Thread 0x0000025334da6000 Uncommon trap: reason=bimorphic_or_optimized_type_check action=maybe_recompile pc=0x0000025325003a6c method=jdk.internal.loader.Resource.getBytes()[B @ 115 c2
Event: 22.431 Thread 0x0000025334da6000 DEOPT PACKING pc=0x0000025325003a6c sp=0x000000ebf8ef39f0
Event: 22.431 Thread 0x0000025334da6000 DEOPT UNPACKING pc=0x000002531d29a1af sp=0x000000ebf8ef3a00 mode 2
Event: 22.434 Thread 0x0000025334da6000 Uncommon trap: trap_request=0xffffffc6 fr.pc=0x0000025325003a6c relative=0x0000000000001c8c
Event: 22.434 Thread 0x0000025334da6000 Uncommon trap: reason=bimorphic_or_optimized_type_check action=maybe_recompile pc=0x0000025325003a6c method=jdk.internal.loader.Resource.getBytes()[B @ 115 c2
Event: 22.434 Thread 0x0000025334da6000 DEOPT PACKING pc=0x0000025325003a6c sp=0x000000ebf8ef06c0
Event: 22.434 Thread 0x0000025334da6000 DEOPT UNPACKING pc=0x000002531d29a1af sp=0x000000ebf8ef06d0 mode 2
Event: 22.434 Thread 0x0000025334da6000 Uncommon trap: trap_request=0xffffff4d fr.pc=0x000002532502103c relative=0x000000000000009c
Event: 22.434 Thread 0x0000025334da6000 Uncommon trap: reason=unstable_if action=reinterpret pc=0x000002532502103c method=java.security.CodeSource.matchCerts(Ljava/security/CodeSource;Z)Z @ 11 c2
Event: 22.434 Thread 0x0000025334da6000 DEOPT PACKING pc=0x000002532502103c sp=0x000000ebf8ef0520
Event: 22.434 Thread 0x0000025334da6000 DEOPT UNPACKING pc=0x000002531d29a1af sp=0x000000ebf8ef04b8 mode 2

Classes redefined (0 events):
No events

Internal exceptions (20 events):
Event: 19.377 Thread 0x0000025334da6000 Exception <a 'java/lang/ClassNotFoundException'{0x0000000085d1bc50}: org/gradle/api/internal/AbstractTaskBeanInfo> (0x0000000085d1bc50) thrown at [./src/hotspot/share/classfile/systemDictionary.cpp, line 231]
Event: 19.379 Thread 0x0000025334da6000 Exception <a 'java/lang/ClassNotFoundException'{0x0000000085d4af20}: org/gradle/api/internal/AbstractTaskCustomizer> (0x0000000085d4af20) thrown at [./src/hotspot/share/classfile/systemDictionary.cpp, line 231]
Event: 19.385 Thread 0x0000025334da6000 Exception <a 'java/lang/ClassNotFoundException'{0x0000000085dc1750}: org/gradle/api/DefaultTaskCustomizer> (0x0000000085dc1750) thrown at [./src/hotspot/share/classfile/systemDictionary.cpp, line 231]
Event: 19.390 Thread 0x0000025334da6000 Exception <a 'java/lang/ClassNotFoundException'{0x0000000085c46cd8}: org/gradle/api/internal/ConventionTaskCustomizer> (0x0000000085c46cd8) thrown at [./src/hotspot/share/classfile/systemDictionary.cpp, line 231]
Event: 19.393 Thread 0x0000025334da6000 Exception <a 'java/lang/ClassNotFoundException'{0x0000000085c82878}: org/gradle/api/tasks/DeleteCustomizer> (0x0000000085c82878) thrown at [./src/hotspot/share/classfile/systemDictionary.cpp, line 231]
Event: 19.395 Thread 0x0000025334da6000 Exception <a 'java/lang/ClassNotFoundException'{0x0000000085cc5890}: org/gradle/api/tasks/Delete_DecoratedCustomizer> (0x0000000085cc5890) thrown at [./src/hotspot/share/classfile/systemDictionary.cpp, line 231]
Event: 19.451 Thread 0x0000025334da6000 Exception <a 'java/lang/ClassNotFoundException'{0x0000000085bfec68}: build_939tabop9vzzxfgb56h1b8g4vBeanInfo> (0x0000000085bfec68) thrown at [./src/hotspot/share/classfile/systemDictionary.cpp, line 231]
Event: 19.452 Thread 0x0000025334da6000 Exception <a 'java/lang/ClassNotFoundException'{0x0000000085a0ae90}: build_939tabop9vzzxfgb56h1b8g4vCustomizer> (0x0000000085a0ae90) thrown at [./src/hotspot/share/classfile/systemDictionary.cpp, line 231]
Event: 19.770 Thread 0x0000025334da6000 Exception <a 'java/lang/NoSuchMethodError'{0x0000000085c5ed98}: 'java.lang.Object java.lang.invoke.DirectMethodHandle$Holder.invokeStatic(java.lang.Object, java.lang.Object, java.lang.Object, java.lang.Object, int)'> (0x0000000085c5ed98) thrown at [./src/hotspot/share/interpreter/linkResolver.cpp, line 773]
Event: 19.770 Thread 0x0000025334da6000 Exception <a 'java/lang/NoSuchMethodError'{0x0000000085c63790}: 'java.lang.Object java.lang.invoke.DirectMethodHandle$Holder.invokeSpecial(java.lang.Object, java.lang.Object, java.lang.Object, java.lang.Object, java.lang.Object, int)'> (0x0000000085c63790) thrown at [./src/hotspot/share/interpreter/linkResolver.cpp, line 773]
Event: 19.771 Thread 0x0000025334da6000 Exception <a 'java/lang/NoSuchMethodError'{0x0000000085c67dd0}: 'java.lang.Object java.lang.invoke.Invokers$Holder.linkToTargetMethod(java.lang.Object, java.lang.Object, java.lang.Object, int, java.lang.Object)'> (0x0000000085c67dd0) thrown at [./src/hotspot/share/interpreter/linkResolver.cpp, line 773]
Event: 20.305 Thread 0x0000025334da6000 Exception <a 'java/lang/NoSuchMethodError'{0x0000000085e05fa0}: 'java.lang.Object java.lang.invoke.DirectMethodHandle$Holder.invokeSpecial(java.lang.Object, java.lang.Object, int, int, java.lang.Object, java.lang.Object, java.lang.Object)'> (0x0000000085e05fa0) thrown at [./src/hotspot/share/interpreter/linkResolver.cpp, line 773]
Event: 20.305 Thread 0x0000025334da6000 Exception <a 'java/lang/NoSuchMethodError'{0x0000000085e0a7c8}: 'java.lang.Object java.lang.invoke.DelegatingMethodHandle$Holder.reinvoke_L(java.lang.Object, int, int, java.lang.Object, java.lang.Object, java.lang.Object)'> (0x0000000085e0a7c8) thrown at [./src/hotspot/share/interpreter/linkResolver.cpp, line 773]
Event: 20.969 Thread 0x0000025334da6000 Exception <a 'java/lang/NoSuchMethodError'{0x0000000086f6c708}: 'int java.lang.invoke.DirectMethodHandle$Holder.invokeInterface(java.lang.Object, java.lang.Object, java.lang.Object, java.lang.Object)'> (0x0000000086f6c708) thrown at [./src/hotspot/share/interpreter/linkResolver.cpp, line 773]
Event: 21.623 Thread 0x0000025334da6000 Exception <a 'java/lang/NoSuchMethodError'{0x0000000086b7e5e8}: 'void java.lang.invoke.DirectMethodHandle$Holder.invokeInterface(java.lang.Object, java.lang.Object, java.lang.Object, java.lang.Object)'> (0x0000000086b7e5e8) thrown at [./src/hotspot/share/interpreter/linkResolver.cpp, line 773]
Event: 21.860 Thread 0x0000025334da6000 Exception <a 'java/lang/IncompatibleClassChangeError'{0x00000000870beff8}: Found class java.lang.Object, but interface was expected> (0x00000000870beff8) thrown at [./src/hotspot/share/interpreter/linkResolver.cpp, line 839]
Event: 21.949 Thread 0x0000025334da6000 Implicit null exception at 0x0000025325009a54 to 0x0000025325009c48
Event: 21.949 Thread 0x0000025334da6000 Implicit null exception at 0x0000025324f35700 to 0x0000025324f38f00
Event: 22.088 Thread 0x0000025334da6000 Implicit null exception at 0x0000025324e4228b to 0x0000025324e42364
Event: 22.518 Thread 0x0000025334da6000 Exception <a 'sun/nio/fs/WindowsException'{0x00000000868c8398}> (0x00000000868c8398) thrown at [./src/hotspot/share/prims/jni.cpp, line 615]

Events (20 events):
Event: 22.571 loading class com/android/build/api/dsl/ResourcesPackagingOptions done
Event: 22.572 loading class com/android/build/gradle/internal/dsl/ResourcesPackagingOptionsImpl
Event: 22.572 loading class com/android/build/gradle/internal/dsl/ResourcesPackagingOptionsImpl done
Event: 22.572 loading class com/android/build/gradle/internal/dsl/SigningConfigImpl
Event: 22.572 loading class com/android/build/gradle/internal/dsl/SigningConfigImpl done
Event: 22.573 loading class com/android/build/api/dsl/Splits
Event: 22.573 loading class com/android/build/api/dsl/Splits done
Event: 22.573 loading class com/android/build/gradle/internal/dsl/Splits
Event: 22.573 loading class com/android/build/gradle/internal/dsl/Splits done
Event: 22.574 loading class com/android/build/gradle/internal/dsl/decorator/DslDecorator
Event: 22.574 loading class com/android/build/gradle/internal/dsl/decorator/DslDecorator done
Event: 22.578 loading class com/android/build/gradle/internal/dsl/decorator/DslDecorator$Companion
Event: 22.578 loading class com/android/build/gradle/internal/dsl/decorator/DslDecorator$Companion done
Event: 22.579 loading class org/objectweb/asm/commons/Method
Event: 22.579 loading class org/objectweb/asm/commons/Method done
Event: 22.581 loading class com/android/build/gradle/internal/dsl/AgpDslLockedException
Event: 22.581 loading class com/android/build/gradle/internal/dsl/AgpDslLockedException done
Event: 22.581 loading class com/android/build/gradle/internal/dsl/decorator/DslDecorator$Companion$privateLookupInMethod$2
Event: 22.581 loading class com/android/build/gradle/internal/dsl/decorator/DslDecorator$Companion$privateLookupInMethod$2 done
Event: 22.581 Executing VM operation: G1CollectForAllocation


Dynamic libraries:
0x00007ff7a19a0000 - 0x00007ff7a19aa000 	C:\Program Files\Android\Android Studio\jre\bin\java.exe
0x00007ff9585f0000 - 0x00007ff9587e8000 	C:\WINDOWS\SYSTEM32\ntdll.dll
0x00007ff9577c0000 - 0x00007ff95787d000 	C:\WINDOWS\System32\KERNEL32.DLL
0x00007ff9560f0000 - 0x00007ff9563be000 	C:\WINDOWS\System32\KERNELBASE.dll
0x00007ff955ee0000 - 0x00007ff955fe0000 	C:\WINDOWS\System32\ucrtbase.dll
0x00007ff940d60000 - 0x00007ff940d77000 	C:\Program Files\Android\Android Studio\jre\bin\VCRUNTIME140.dll
0x00007ff950dc0000 - 0x00007ff950dd9000 	C:\Program Files\Android\Android Studio\jre\bin\jli.dll
0x00007ff958230000 - 0x00007ff9583d0000 	C:\WINDOWS\System32\USER32.dll
0x00007ff956590000 - 0x00007ff9565b2000 	C:\WINDOWS\System32\win32u.dll
0x00007ff945a90000 - 0x00007ff945d2a000 	C:\WINDOWS\WinSxS\amd64_microsoft.windows.common-controls_6595b64144ccf1df_6.0.19041.1110_none_60b5254171f9507e\COMCTL32.dll
0x00007ff956c70000 - 0x00007ff956c9a000 	C:\WINDOWS\System32\GDI32.dll
0x00007ff956d50000 - 0x00007ff956dee000 	C:\WINDOWS\System32\msvcrt.dll
0x00007ff955fe0000 - 0x00007ff9560eb000 	C:\WINDOWS\System32\gdi32full.dll
0x00007ff955d10000 - 0x00007ff955dad000 	C:\WINDOWS\System32\msvcp_win.dll
0x00007ff957a30000 - 0x00007ff957a60000 	C:\WINDOWS\System32\IMM32.DLL
0x00007ff92cb50000 - 0x00007ff92cbed000 	C:\Program Files\Android\Android Studio\jre\bin\msvcp140.dll
0x00007ff91a790000 - 0x00007ff91b275000 	C:\Program Files\Android\Android Studio\jre\bin\server\jvm.dll
0x00007ff956860000 - 0x00007ff95690e000 	C:\WINDOWS\System32\ADVAPI32.dll
0x00007ff9584f0000 - 0x00007ff95858c000 	C:\WINDOWS\System32\sechost.dll
0x00007ff956730000 - 0x00007ff956855000 	C:\WINDOWS\System32\RPCRT4.dll
0x00007ff958220000 - 0x00007ff958228000 	C:\WINDOWS\System32\PSAPI.DLL
0x00007ff94c8d0000 - 0x00007ff94c8da000 	C:\WINDOWS\SYSTEM32\VERSION.dll
0x00007ff94c6a0000 - 0x00007ff94c6c7000 	C:\WINDOWS\SYSTEM32\WINMM.dll
0x00007ff950e40000 - 0x00007ff950e49000 	C:\WINDOWS\SYSTEM32\WSOCK32.dll
0x00007ff9574d0000 - 0x00007ff95753b000 	C:\WINDOWS\System32\WS2_32.dll
0x00007ff953c10000 - 0x00007ff953c22000 	C:\WINDOWS\SYSTEM32\kernel.appcore.dll
0x00007ff940360000 - 0x00007ff940371000 	C:\Program Files\Android\Android Studio\jre\bin\verify.dll
0x00007ff93fff0000 - 0x00007ff9401d4000 	C:\WINDOWS\SYSTEM32\DBGHELP.DLL
0x00007ff93ff70000 - 0x00007ff93ff9c000 	C:\WINDOWS\SYSTEM32\dbgcore.DLL
0x00007ff9565c0000 - 0x00007ff956642000 	C:\WINDOWS\System32\bcryptPrimitives.dll
0x00007ff940330000 - 0x00007ff940359000 	C:\Program Files\Android\Android Studio\jre\bin\java.dll
0x00007ff94ee30000 - 0x00007ff94ee3b000 	C:\Program Files\Android\Android Studio\jre\bin\jimage.dll
0x00007ff940310000 - 0x00007ff940328000 	C:\Program Files\Android\Android Studio\jre\bin\zip.dll
0x00007ff957ad0000 - 0x00007ff958214000 	C:\WINDOWS\System32\SHELL32.dll
0x00007ff953e10000 - 0x00007ff9545a4000 	C:\WINDOWS\SYSTEM32\windows.storage.dll
0x00007ff956910000 - 0x00007ff956c64000 	C:\WINDOWS\System32\combase.dll
0x00007ff9556a0000 - 0x00007ff9556d0000 	C:\WINDOWS\SYSTEM32\Wldp.dll
0x00007ff956ca0000 - 0x00007ff956d4d000 	C:\WINDOWS\System32\SHCORE.dll
0x00007ff957a60000 - 0x00007ff957ab5000 	C:\WINDOWS\System32\shlwapi.dll
0x00007ff955c50000 - 0x00007ff955c6f000 	C:\WINDOWS\SYSTEM32\profapi.dll
0x00007ff93c7e0000 - 0x00007ff93c7fa000 	C:\Program Files\Android\Android Studio\jre\bin\net.dll
0x00007ff947700000 - 0x00007ff94780a000 	C:\WINDOWS\SYSTEM32\WINHTTP.dll
0x00007ff955400000 - 0x00007ff95546a000 	C:\WINDOWS\system32\mswsock.dll
0x00007ff93c7c0000 - 0x00007ff93c7d4000 	C:\Program Files\Android\Android Studio\jre\bin\nio.dll
0x00007ff950ea0000 - 0x00007ff950ec7000 	C:\Users\tynys\.gradle\native\e1d6ef7f7dcc3fd88c89a11ec53ec762bb8ba0a96d01ffa2cd45eb1d1d8dd5c5\windows-amd64\native-platform.dll
0x00007ff9214b0000 - 0x00007ff9215f4000 	C:\Users\tynys\.gradle\native\5664cfc778a61ccfe75a443a1ab52a65af34e5dc3c78e0209fed803814484fcb\windows-amd64\native-platform-file-events.dll
0x00007ff943c50000 - 0x00007ff943c5a000 	C:\Program Files\Android\Android Studio\jre\bin\management.dll
0x00007ff942bb0000 - 0x00007ff942bbd000 	C:\Program Files\Android\Android Studio\jre\bin\management_ext.dll
0x00007ff9555f0000 - 0x00007ff955608000 	C:\WINDOWS\SYSTEM32\CRYPTSP.dll
0x00007ff954d80000 - 0x00007ff954db4000 	C:\WINDOWS\system32\rsaenh.dll
0x00007ff955db0000 - 0x00007ff955dd7000 	C:\WINDOWS\System32\bcrypt.dll
0x00007ff955c10000 - 0x00007ff955c3e000 	C:\WINDOWS\SYSTEM32\USERENV.dll
0x00007ff955610000 - 0x00007ff95561c000 	C:\WINDOWS\SYSTEM32\CRYPTBASE.dll
0x00007ff9550f0000 - 0x00007ff95512b000 	C:\WINDOWS\SYSTEM32\IPHLPAPI.DLL
0x00007ff957ac0000 - 0x00007ff957ac8000 	C:\WINDOWS\System32\NSI.dll
0x00007ff94e870000 - 0x00007ff94e887000 	C:\WINDOWS\SYSTEM32\dhcpcsvc6.DLL
0x00007ff94e960000 - 0x00007ff94e97d000 	C:\WINDOWS\SYSTEM32\dhcpcsvc.DLL
0x00007ff955130000 - 0x00007ff9551fa000 	C:\WINDOWS\SYSTEM32\DNSAPI.dll

dbghelp: loaded successfully - version: 4.0.5 - missing functions: none
symbol engine: initialized successfully - sym options: 0x614 - pdb path: .;C:\Program Files\Android\Android Studio\jre\bin;C:\WINDOWS\SYSTEM32;C:\WINDOWS\WinSxS\amd64_microsoft.windows.common-controls_6595b64144ccf1df_6.0.19041.1110_none_60b5254171f9507e;C:\Program Files\Android\Android Studio\jre\bin\server;C:\Users\tynys\.gradle\native\e1d6ef7f7dcc3fd88c89a11ec53ec762bb8ba0a96d01ffa2cd45eb1d1d8dd5c5\windows-amd64;C:\Users\tynys\.gradle\native\5664cfc778a61ccfe75a443a1ab52a65af34e5dc3c78e0209fed803814484fcb\windows-amd64

VM Arguments:
jvm_args: --add-opens=java.base/java.util=ALL-UNNAMED --add-opens=java.base/java.lang=ALL-UNNAMED --add-opens=java.base/java.lang.invoke=ALL-UNNAMED --add-opens=java.base/java.util=ALL-UNNAMED --add-opens=java.prefs/java.util.prefs=ALL-UNNAMED --add-opens=java.prefs/java.util.prefs=ALL-UNNAMED --add-opens=java.base/java.nio.charset=ALL-UNNAMED --add-opens=java.base/java.net=ALL-UNNAMED --add-opens=java.base/java.util.concurrent.atomic=ALL-UNNAMED -Xmx2048m -Dfile.encoding=UTF-8 -Duser.country=RU -Duser.language=ru -Duser.variant 
java_command: org.gradle.launcher.daemon.bootstrap.GradleDaemon 7.3.3
java_class_path (initial): C:\Users\tynys\.gradle\wrapper\dists\gradle-7.3.3-bin\6a41zxkdtcxs8rphpq6y0069z\gradle-7.3.3\lib\gradle-launcher-7.3.3.jar
Launcher Type: SUN_STANDARD

[Global flags]
     intx CICompilerCount                          = 4                                         {product} {ergonomic}
     uint ConcGCThreads                            = 2                                         {product} {ergonomic}
     uint G1ConcRefinementThreads                  = 8                                         {product} {ergonomic}
   size_t G1HeapRegionSize                         = 1048576                                   {product} {ergonomic}
    uintx GCDrainStackTargetSize                   = 64                                        {product} {ergonomic}
   size_t InitialHeapSize                          = 100663296                                 {product} {ergonomic}
   size_t MarkStackSize                            = 4194304                                   {product} {ergonomic}
   size_t MaxHeapSize                              = 2147483648                                {product} {command line}
   size_t MaxNewSize                               = 1287651328                                {product} {ergonomic}
   size_t MinHeapDeltaBytes                        = 1048576                                   {product} {ergonomic}
    uintx NonNMethodCodeHeapSize                   = 5836300                                {pd product} {ergonomic}
    uintx NonProfiledCodeHeapSize                  = 122910970                              {pd product} {ergonomic}
    uintx ProfiledCodeHeapSize                     = 122910970                              {pd product} {ergonomic}
    uintx ReservedCodeCacheSize                    = 251658240                              {pd product} {ergonomic}
     bool SegmentedCodeCache                       = true                                      {product} {ergonomic}
     bool UseCompressedClassPointers               = true                                 {lp64_product} {ergonomic}
     bool UseCompressedOops                        = true                                 {lp64_product} {ergonomic}
     bool UseG1GC                                  = true                                      {product} {ergonomic}
     bool UseLargePagesIndividualAllocation        = false                                  {pd product} {ergonomic}

Logging:
Log output configuration:
 #0: stdout all=warning uptime,level,tags
 #1: stderr all=off uptime,level,tags

Environment Variables:
PATH=C:\WINDOWS\system32;C:\WINDOWS;C:\WINDOWS\System32\Wbem;C:\WINDOWS\System32\WindowsPowerShell\v1.0\;C:\WINDOWS\System32\OpenSSH\;C:\Program Files\Git\cmd;C:\Users\tynys\AppData\Local\Microsoft\WindowsApps;
USERNAME=tynys
OS=Windows_NT
PROCESSOR_IDENTIFIER=AMD64 Family 23 Model 24 Stepping 1, AuthenticAMD



---------------  S Y S T E M  ---------------

OS: Windows 10 , 64 bit Build 19041 (10.0.19041.1889)
OS uptime: 4 days 18:32 hours

CPU:total 8 (initial active 8) (8 cores per cpu, 2 threads per core) family 23 model 24 stepping 1 microcode 0x0, cmov, cx8, fxsr, mmx, sse, sse2, sse3, ssse3, sse4.1, sse4.2, popcnt, avx, avx2, aes, clmul, mmxext, 3dnowpref, lzcnt, sse4a, ht, tsc, tscinvbit, tscinv, bmi1, bmi2, adx, sha, fma

Memory: 4k page, system-wide physical 6091M (147M free)
TotalPageFile size 24523M (AvailPageFile size 13M)
current process WorkingSet (physical memory assigned to process): 302M, peak: 304M
current process commit charge ("private bytes"): 347M, peak: 371M

vm_info: OpenJDK 64-Bit Server VM (11.0.12+7-b1504.28-7817840) for windows-amd64 JRE (11.0.12+7-b1504.28-7817840), built on Oct 13 2021 22:12:33 by "builder" with MS VC++ 14.0 (VS2015)

END.
