#
# There is insufficient memory for the Java Runtime Environment to continue.
# Native memory allocation (mmap) failed to map 29360128 bytes for Failed to commit area from 0x0000000088c00000 to 0x000000008a800000 of length 29360128.
# Possible reasons:
#   The system is out of physical RAM or swap space
#   The process is running with CompressedOops enabled, and the Java Heap may be blocking the growth of the native heap
# Possible solutions:
#   Reduce memory load on the system
#   Increase physical memory or swap space
#   Check if swap backing store is full
#   Decrease Java heap size (-Xmx/-Xms)
#   Decrease number of Java threads
#   Decrease Java thread stack sizes (-Xss)
#   Set larger code cache with -XX:ReservedCodeCacheSize=
#   JVM is running with Unscaled Compressed Oops mode in which the Java heap is
#     placed in the first 4GB address space. The Java Heap base address is the
#     maximum limit for the native heap growth. Please use -XX:HeapBaseMinAddress
#     to set the Java Heap base and to place the Java Heap above 4GB virtual address.
# This output file may be truncated or incomplete.
#
#  Out of Memory Error (./src/hotspot/os/windows/os_windows.cpp:3521), pid=13956, tid=6904
#
# JRE version: OpenJDK Runtime Environment (11.0.12+7) (build 11.0.12+7-b1504.28-7817840)
# Java VM: OpenJDK 64-Bit Server VM (11.0.12+7-b1504.28-7817840, mixed mode, tiered, compressed oops, g1 gc, windows-amd64)
# No core dump will be written. Minidumps are not enabled by default on client versions of Windows
#

---------------  S U M M A R Y ------------

Command Line: --add-opens=java.base/java.util=ALL-UNNAMED --add-opens=java.base/java.lang=ALL-UNNAMED --add-opens=java.base/java.lang.invoke=ALL-UNNAMED --add-opens=java.base/java.util=ALL-UNNAMED --add-opens=java.prefs/java.util.prefs=ALL-UNNAMED --add-opens=java.prefs/java.util.prefs=ALL-UNNAMED --add-opens=java.base/java.nio.charset=ALL-UNNAMED --add-opens=java.base/java.net=ALL-UNNAMED --add-opens=java.base/java.util.concurrent.atomic=ALL-UNNAMED -Xmx2048m -Dfile.encoding=UTF-8 -Duser.country=RU -Duser.language=ru -Duser.variant org.gradle.launcher.daemon.bootstrap.GradleDaemon 7.3.3

Host: AMD Ryzen 7 3700U with Radeon Vega Mobile Gfx  , 8 cores, 5G,  Windows 10 , 64 bit Build 19041 (10.0.19041.1889)
Time: Mon Sep 12 19:03:38 2022 Центральная Азия (зима) elapsed time: 15.130573 seconds (0d 0h 0m 15s)

---------------  T H R E A D  ---------------

Current thread (0x0000023bf8022800):  VMThread "VM Thread" [stack: 0x00000042a0d00000,0x00000042a0e00000] [id=6904]

Stack: [0x00000042a0d00000,0x00000042a0e00000]
[error occurred during error reporting (printing stack bounds), id 0xc0000005, EXCEPTION_ACCESS_VIOLATION (0xc0000005) at pc=0x0000023be0fa112d]

Native frames: (J=compiled Java code, j=interpreted, Vv=VM code, C=native code)
V  [jvm.dll+0x5fbcea]
V  [jvm.dll+0x731905]
V  [jvm.dll+0x732f1d]
V  [jvm.dll+0x733535]
V  [jvm.dll+0x7334eb]
V  [jvm.dll+0x5fb080]
V  [jvm.dll+0x5fb818]
C  [ntdll.dll+0xa229f]
C  [ntdll.dll+0x51454]
C  [ntdll.dll+0xa0dce]
C  0x0000023be0fa112d

VM_Operation (0x00000042a21f5120): G1CollectForAllocation, mode: safepoint, requested by thread 0x0000023bfa49c800


---------------  P R O C E S S  ---------------

Threads class SMR info:
_java_thread_list=0x0000023bff9c1760, length=122, elements={
0x0000023bdd48b000, 0x0000023bf8026000, 0x0000023bf8031800, 0x0000023bf8044000,
0x0000023bf8045800, 0x0000023bf8046800, 0x0000023bf805a000, 0x0000023bf805d000,
0x0000023bf806e800, 0x0000023bf8b45800, 0x0000023bfab3d000, 0x0000023bf9ffe800,
0x0000023bfa00f800, 0x0000023bf96d2000, 0x0000023bf96d2800, 0x0000023bf9e3b000,
0x0000023bfa49c800, 0x0000023bf9def000, 0x0000023bfaa62800, 0x0000023bfaa68000,
0x0000023bfaa65000, 0x0000023bfaa67800, 0x0000023bfaa69000, 0x0000023bfaa66000,
0x0000023bfaa66800, 0x0000023bfaa63800, 0x0000023bfaa64000, 0x0000023bfcdfd000,
0x0000023bfcdfc000, 0x0000023bfcdff800, 0x0000023bfce00000, 0x0000023bfce02800,
0x0000023bfce01000, 0x0000023bfcdfd800, 0x0000023bfce02000, 0x0000023bfce03800,
0x0000023bfce04000, 0x0000023bfcdfe800, 0x0000023bfce05000, 0x0000023bfce09000,
0x0000023bfce06000, 0x0000023bfce06800, 0x0000023bfce08800, 0x0000023bf8f7c000,
0x0000023bf8f76800, 0x0000023bf8f78000, 0x0000023bf8f79000, 0x0000023bf8f7d000,
0x0000023bf8f7a800, 0x0000023bf8f7a000, 0x0000023bf8f77800, 0x0000023bf8f7b800,
0x0000023bf8f83800, 0x0000023bf8f82000, 0x0000023bf8f83000, 0x0000023bf8f7e000,
0x0000023bf8f80800, 0x0000023bf8f84800, 0x0000023bf8f7f800, 0x0000023bf8f7e800,
0x0000023bf8f85000, 0x0000023bf8f81000, 0x0000023bf8da0800, 0x0000023bf8da2800,
0x0000023bf8da3800, 0x0000023bf8da1000, 0x0000023bf8da6000, 0x0000023bf8da7000,
0x0000023bf8da7800, 0x0000023bf8da4800, 0x0000023bf8da5000, 0x0000023bf8da2000,
0x0000023bf8da8800, 0x0000023bf8dae000, 0x0000023bf8dab000, 0x0000023bf8dab800,
0x0000023bf8daf000, 0x0000023bf8da9800, 0x0000023bf8dac800, 0x0000023bf8dad800,
0x0000023bf8daa000, 0x0000023bf9a71000, 0x0000023bf9a6f800, 0x0000023bf9a70800,
0x0000023bf9a72000, 0x0000023bf9a6d000, 0x0000023bf9a73000, 0x0000023bf9a73800,
0x0000023bf9a6e000, 0x0000023bf9a74800, 0x0000023bf9a6e800, 0x0000023bf9a77800,
0x0000023bf9a76000, 0x0000023bf9a77000, 0x0000023bf9a78800, 0x0000023bf9a79800,
0x0000023bf9a75000, 0x0000023bf9a7a000, 0x0000023bf9a7b000, 0x0000023bf9a7b800,
0x0000023bf9574800, 0x0000023bf9571800, 0x0000023bf9572000, 0x0000023bf9573000,
0x0000023bf956f000, 0x0000023bf9574000, 0x0000023bf9575800, 0x0000023bf956f800,
0x0000023bf9576800, 0x0000023bf9570800, 0x0000023bf957b000, 0x0000023bf9577000,
0x0000023bf9578000, 0x0000023bf957d800, 0x0000023bf9578800, 0x0000023bf957a800,
0x0000023bf957d000, 0x0000023bf9579800, 0x0000023bf957c000, 0x0000023bfb48d800,
0x0000023bfb492000, 0x0000023bfb491800
}

Java Threads: ( => current thread )
  0x0000023bdd48b000 JavaThread "main" [_thread_blocked, id=5732, stack(0x00000042a0700000,0x00000042a0800000)]
  0x0000023bf8026000 JavaThread "Reference Handler" daemon [_thread_blocked, id=15980, stack(0x00000042a0e00000,0x00000042a0f00000)]
  0x0000023bf8031800 JavaThread "Finalizer" daemon [_thread_blocked, id=12256, stack(0x00000042a0f00000,0x00000042a1000000)]
  0x0000023bf8044000 JavaThread "Signal Dispatcher" daemon [_thread_blocked, id=16064, stack(0x00000042a1000000,0x00000042a1100000)]
  0x0000023bf8045800 JavaThread "Attach Listener" daemon [_thread_blocked, id=17120, stack(0x00000042a1100000,0x00000042a1200000)]
  0x0000023bf8046800 JavaThread "Service Thread" daemon [_thread_blocked, id=5400, stack(0x00000042a1200000,0x00000042a1300000)]
  0x0000023bf805a000 JavaThread "C2 CompilerThread0" daemon [_thread_in_native, id=8076, stack(0x00000042a1300000,0x00000042a1400000)]
  0x0000023bf805d000 JavaThread "C1 CompilerThread0" daemon [_thread_blocked, id=14152, stack(0x00000042a1400000,0x00000042a1500000)]
  0x0000023bf806e800 JavaThread "Sweeper thread" daemon [_thread_blocked, id=6408, stack(0x00000042a1500000,0x00000042a1600000)]
  0x0000023bf8b45800 JavaThread "Common-Cleaner" daemon [_thread_blocked, id=14896, stack(0x00000042a1600000,0x00000042a1700000)]
  0x0000023bfab3d000 JavaThread "Daemon health stats" [_thread_blocked, id=13404, stack(0x00000042a1900000,0x00000042a1a00000)]
  0x0000023bf9ffe800 JavaThread "Incoming local TCP Connector on port 59884" [_thread_in_native, id=3280, stack(0x00000042a1c00000,0x00000042a1d00000)]
  0x0000023bfa00f800 JavaThread "Daemon periodic checks" [_thread_blocked, id=17276, stack(0x00000042a1d00000,0x00000042a1e00000)]
  0x0000023bf96d2000 JavaThread "Daemon" [_thread_blocked, id=6524, stack(0x00000042a1e00000,0x00000042a1f00000)]
  0x0000023bf96d2800 JavaThread "Handler for socket connection from /127.0.0.1:59884 to /127.0.0.1:59885" [_thread_in_native, id=4532, stack(0x00000042a1f00000,0x00000042a2000000)]
  0x0000023bf9e3b000 JavaThread "Cancel handler" [_thread_blocked, id=13632, stack(0x00000042a2000000,0x00000042a2100000)]
  0x0000023bfa49c800 JavaThread "Daemon worker" [_thread_blocked, id=5348, stack(0x00000042a2100000,0x00000042a2200000)]
  0x0000023bf9def000 JavaThread "Asynchronous log dispatcher for DefaultDaemonConnection: socket connection from /127.0.0.1:59884 to /127.0.0.1:59885" [_thread_blocked, id=16228, stack(0x00000042a2200000,0x00000042a2300000)]
  0x0000023bfaa62800 JavaThread "Stdin handler" [_thread_blocked, id=632, stack(0x00000042a2300000,0x00000042a2400000)]
  0x0000023bfaa68000 JavaThread "Daemon client event forwarder" [_thread_blocked, id=16444, stack(0x00000042a2400000,0x00000042a2500000)]
  0x0000023bfaa65000 JavaThread "Cache worker for journal cache (C:\Users\tynys\.gradle\caches\journal-1)" [_thread_blocked, id=2184, stack(0x00000042a2500000,0x00000042a2600000)]
  0x0000023bfaa67800 JavaThread "File lock request listener" [_thread_in_native, id=14852, stack(0x00000042a2600000,0x00000042a2700000)]
  0x0000023bfaa69000 JavaThread "Cache worker for file hash cache (C:\Users\tynys\.gradle\caches\7.3.3\fileHashes)" [_thread_blocked, id=8704, stack(0x00000042a2c00000,0x00000042a2d00000)]
  0x0000023bfaa66000 JavaThread "Cache worker for file hash cache (C:\Users\tynys\Videos\Captures\LoveCalculater-master\.gradle\7.3.3\fileHashes)" [_thread_blocked, id=7760, stack(0x00000042a2d00000,0x00000042a2e00000)]
  0x0000023bfaa66800 JavaThread "File watcher server" daemon [_thread_in_native, id=9936, stack(0x00000042a2e00000,0x00000042a2f00000)]
  0x0000023bfaa63800 JavaThread "File watcher consumer" daemon [_thread_blocked, id=14876, stack(0x00000042a2f00000,0x00000042a3000000)]
  0x0000023bfaa64000 JavaThread "jar transforms" [_thread_blocked, id=13856, stack(0x00000042a3000000,0x00000042a3100000)]
  0x0000023bfcdfd000 JavaThread "jar transforms Thread 2" [_thread_blocked, id=4140, stack(0x00000042a3100000,0x00000042a3200000)]
  0x0000023bfcdfc000 JavaThread "jar transforms Thread 3" [_thread_blocked, id=15968, stack(0x00000042a3200000,0x00000042a3300000)]
  0x0000023bfcdff800 JavaThread "jar transforms Thread 4" [_thread_blocked, id=11884, stack(0x00000042a3300000,0x00000042a3400000)]
  0x0000023bfce00000 JavaThread "jar transforms Thread 5" [_thread_blocked, id=15812, stack(0x00000042a3400000,0x00000042a3500000)]
  0x0000023bfce02800 JavaThread "jar transforms Thread 6" [_thread_blocked, id=16696, stack(0x00000042a3500000,0x00000042a3600000)]
  0x0000023bfce01000 JavaThread "jar transforms Thread 7" [_thread_blocked, id=10620, stack(0x00000042a3600000,0x00000042a3700000)]
  0x0000023bfcdfd800 JavaThread "jar transforms Thread 8" [_thread_blocked, id=15460, stack(0x00000042a3700000,0x00000042a3800000)]
  0x0000023bfce02000 JavaThread "Cache worker for checksums cache (C:\Users\tynys\Videos\Captures\LoveCalculater-master\.gradle\7.3.3\checksums)" [_thread_blocked, id=5236, stack(0x00000042a3800000,0x00000042a3900000)]
  0x0000023bfce03800 JavaThread "Cache worker for cache directory md-supplier (C:\Users\tynys\.gradle\caches\7.3.3\md-supplier)" [_thread_blocked, id=13552, stack(0x00000042a3900000,0x00000042a3a00000)]
  0x0000023bfce04000 JavaThread "Cache worker for cache directory md-rule (C:\Users\tynys\.gradle\caches\7.3.3\md-rule)" [_thread_blocked, id=2176, stack(0x00000042a3a00000,0x00000042a3b00000)]
  0x0000023bfcdfe800 JavaThread "Cache worker for execution history cache (C:\Users\tynys\.gradle\caches\7.3.3\executionHistory)" [_thread_blocked, id=3620, stack(0x00000042a3b00000,0x00000042a3c00000)]
  0x0000023bfce05000 JavaThread "Cache worker for file content cache (C:\Users\tynys\.gradle\caches\7.3.3\fileContent)" [_thread_blocked, id=16920, stack(0x00000042a3c00000,0x00000042a3d00000)]
  0x0000023bfce09000 JavaThread "Cache worker for dependencies-accessors (C:\Users\tynys\Videos\Captures\LoveCalculater-master\.gradle\7.3.3\dependencies-accessors)" [_thread_blocked, id=3208, stack(0x00000042a3d00000,0x00000042a3e00000)]
  0x0000023bfce06000 JavaThread "Cache worker for Build Output Cleanup Cache (C:\Users\tynys\Videos\Captures\LoveCalculater-master\.gradle\buildOutputCleanup)" [_thread_blocked, id=17216, stack(0x00000042a3e00000,0x00000042a3f00000)]
  0x0000023bfce06800 JavaThread "Unconstrained build operations" [_thread_blocked, id=15100, stack(0x00000042a3f00000,0x00000042a4000000)]
  0x0000023bfce08800 JavaThread "Unconstrained build operations Thread 2" [_thread_blocked, id=3848, stack(0x00000042a4000000,0x00000042a4100000)]
  0x0000023bf8f7c000 JavaThread "Unconstrained build operations Thread 3" [_thread_blocked, id=716, stack(0x00000042a4100000,0x00000042a4200000)]
  0x0000023bf8f76800 JavaThread "Unconstrained build operations Thread 4" [_thread_blocked, id=14496, stack(0x00000042a4200000,0x00000042a4300000)]
  0x0000023bf8f78000 JavaThread "Unconstrained build operations Thread 5" [_thread_blocked, id=7944, stack(0x00000042a4300000,0x00000042a4400000)]
  0x0000023bf8f79000 JavaThread "Unconstrained build operations Thread 6" [_thread_blocked, id=9264, stack(0x00000042a4400000,0x00000042a4500000)]
  0x0000023bf8f7d000 JavaThread "Unconstrained build operations Thread 7" [_thread_blocked, id=12140, stack(0x00000042a4500000,0x00000042a4600000)]
  0x0000023bf8f7a800 JavaThread "Unconstrained build operations Thread 8" [_thread_blocked, id=10888, stack(0x00000042a4600000,0x00000042a4700000)]
  0x0000023bf8f7a000 JavaThread "Unconstrained build operations Thread 9" [_thread_blocked, id=1456, stack(0x00000042a4700000,0x00000042a4800000)]
  0x0000023bf8f77800 JavaThread "Unconstrained build operations Thread 10" [_thread_blocked, id=11700, stack(0x00000042a4800000,0x00000042a4900000)]
  0x0000023bf8f7b800 JavaThread "Unconstrained build operations Thread 11" [_thread_blocked, id=11768, stack(0x00000042a4900000,0x00000042a4a00000)]
  0x0000023bf8f83800 JavaThread "Unconstrained build operations Thread 12" [_thread_blocked, id=3592, stack(0x00000042a4a00000,0x00000042a4b00000)]
  0x0000023bf8f82000 JavaThread "Unconstrained build operations Thread 13" [_thread_blocked, id=9376, stack(0x00000042a4b00000,0x00000042a4c00000)]
  0x0000023bf8f83000 JavaThread "Unconstrained build operations Thread 14" [_thread_blocked, id=13948, stack(0x00000042a4c00000,0x00000042a4d00000)]
  0x0000023bf8f7e000 JavaThread "Unconstrained build operations Thread 15" [_thread_blocked, id=12304, stack(0x00000042a4d00000,0x00000042a4e00000)]
  0x0000023bf8f80800 JavaThread "Unconstrained build operations Thread 16" [_thread_blocked, id=6292, stack(0x00000042a4e00000,0x00000042a4f00000)]
  0x0000023bf8f84800 JavaThread "Unconstrained build operations Thread 17" [_thread_blocked, id=11152, stack(0x00000042a4f00000,0x00000042a5000000)]
  0x0000023bf8f7f800 JavaThread "Unconstrained build operations Thread 18" [_thread_blocked, id=8624, stack(0x00000042a5000000,0x00000042a5100000)]
  0x0000023bf8f7e800 JavaThread "Unconstrained build operations Thread 19" [_thread_blocked, id=4604, stack(0x00000042a5100000,0x00000042a5200000)]
  0x0000023bf8f85000 JavaThread "Unconstrained build operations Thread 20" [_thread_blocked, id=13272, stack(0x00000042a5200000,0x00000042a5300000)]
  0x0000023bf8f81000 JavaThread "Unconstrained build operations Thread 21" [_thread_blocked, id=9928, stack(0x00000042a5300000,0x00000042a5400000)]
  0x0000023bf8da0800 JavaThread "Unconstrained build operations Thread 22" [_thread_blocked, id=13616, stack(0x00000042a5400000,0x00000042a5500000)]
  0x0000023bf8da2800 JavaThread "Unconstrained build operations Thread 23" [_thread_blocked, id=14788, stack(0x00000042a5500000,0x00000042a5600000)]
  0x0000023bf8da3800 JavaThread "Unconstrained build operations Thread 24" [_thread_blocked, id=4160, stack(0x00000042a5600000,0x00000042a5700000)]
  0x0000023bf8da1000 JavaThread "Unconstrained build operations Thread 25" [_thread_blocked, id=6816, stack(0x00000042a5700000,0x00000042a5800000)]
  0x0000023bf8da6000 JavaThread "Unconstrained build operations Thread 26" [_thread_blocked, id=11468, stack(0x00000042a5800000,0x00000042a5900000)]
  0x0000023bf8da7000 JavaThread "Unconstrained build operations Thread 27" [_thread_blocked, id=9348, stack(0x00000042a5900000,0x00000042a5a00000)]
  0x0000023bf8da7800 JavaThread "Unconstrained build operations Thread 28" [_thread_blocked, id=16120, stack(0x00000042a5a00000,0x00000042a5b00000)]
  0x0000023bf8da4800 JavaThread "Unconstrained build operations Thread 29" [_thread_blocked, id=9104, stack(0x00000042a5b00000,0x00000042a5c00000)]
  0x0000023bf8da5000 JavaThread "Unconstrained build operations Thread 30" [_thread_blocked, id=13576, stack(0x00000042a5c00000,0x00000042a5d00000)]
  0x0000023bf8da2000 JavaThread "Unconstrained build operations Thread 31" [_thread_blocked, id=16640, stack(0x00000042a5d00000,0x00000042a5e00000)]
  0x0000023bf8da8800 JavaThread "Unconstrained build operations Thread 32" [_thread_blocked, id=8032, stack(0x00000042a5e00000,0x00000042a5f00000)]
  0x0000023bf8dae000 JavaThread "Unconstrained build operations Thread 33" [_thread_blocked, id=14116, stack(0x00000042a5f00000,0x00000042a6000000)]
  0x0000023bf8dab000 JavaThread "Unconstrained build operations Thread 34" [_thread_blocked, id=4576, stack(0x00000042a6000000,0x00000042a6100000)]
  0x0000023bf8dab800 JavaThread "Unconstrained build operations Thread 35" [_thread_blocked, id=16424, stack(0x00000042a6100000,0x00000042a6200000)]
  0x0000023bf8daf000 JavaThread "Unconstrained build operations Thread 36" [_thread_blocked, id=6612, stack(0x00000042a6200000,0x00000042a6300000)]
  0x0000023bf8da9800 JavaThread "Unconstrained build operations Thread 37" [_thread_blocked, id=2216, stack(0x00000042a6300000,0x00000042a6400000)]
  0x0000023bf8dac800 JavaThread "Unconstrained build operations Thread 38" [_thread_blocked, id=13840, stack(0x00000042a6400000,0x00000042a6500000)]
  0x0000023bf8dad800 JavaThread "Unconstrained build operations Thread 39" [_thread_blocked, id=12000, stack(0x00000042a6500000,0x00000042a6600000)]
  0x0000023bf8daa000 JavaThread "Unconstrained build operations Thread 40" [_thread_blocked, id=2244, stack(0x00000042a6600000,0x00000042a6700000)]
  0x0000023bf9a71000 JavaThread "Unconstrained build operations Thread 41" [_thread_blocked, id=11188, stack(0x00000042a6700000,0x00000042a6800000)]
  0x0000023bf9a6f800 JavaThread "Unconstrained build operations Thread 42" [_thread_blocked, id=5180, stack(0x00000042a6800000,0x00000042a6900000)]
  0x0000023bf9a70800 JavaThread "Unconstrained build operations Thread 43" [_thread_blocked, id=15916, stack(0x00000042a6900000,0x00000042a6a00000)]
  0x0000023bf9a72000 JavaThread "Unconstrained build operations Thread 44" [_thread_blocked, id=10688, stack(0x00000042a6a00000,0x00000042a6b00000)]
  0x0000023bf9a6d000 JavaThread "Unconstrained build operations Thread 45" [_thread_blocked, id=9972, stack(0x00000042a6b00000,0x00000042a6c00000)]
  0x0000023bf9a73000 JavaThread "Unconstrained build operations Thread 46" [_thread_blocked, id=13728, stack(0x00000042a6c00000,0x00000042a6d00000)]
  0x0000023bf9a73800 JavaThread "Unconstrained build operations Thread 47" [_thread_blocked, id=15552, stack(0x00000042a6d00000,0x00000042a6e00000)]
  0x0000023bf9a6e000 JavaThread "Unconstrained build operations Thread 48" [_thread_blocked, id=804, stack(0x00000042a6e00000,0x00000042a6f00000)]
  0x0000023bf9a74800 JavaThread "Unconstrained build operations Thread 49" [_thread_blocked, id=16284, stack(0x00000042a6f00000,0x00000042a7000000)]
  0x0000023bf9a6e800 JavaThread "Unconstrained build operations Thread 50" [_thread_blocked, id=4484, stack(0x00000042a7000000,0x00000042a7100000)]
  0x0000023bf9a77800 JavaThread "Unconstrained build operations Thread 51" [_thread_blocked, id=12456, stack(0x00000042a7100000,0x00000042a7200000)]
  0x0000023bf9a76000 JavaThread "Unconstrained build operations Thread 52" [_thread_blocked, id=16720, stack(0x00000042a7200000,0x00000042a7300000)]
  0x0000023bf9a77000 JavaThread "Unconstrained build operations Thread 53" [_thread_blocked, id=17068, stack(0x00000042a7300000,0x00000042a7400000)]
  0x0000023bf9a78800 JavaThread "Unconstrained build operations Thread 54" [_thread_blocked, id=9024, stack(0x00000042a7400000,0x00000042a7500000)]
  0x0000023bf9a79800 JavaThread "Unconstrained build operations Thread 55" [_thread_blocked, id=15436, stack(0x00000042a7500000,0x00000042a7600000)]
  0x0000023bf9a75000 JavaThread "Unconstrained build operations Thread 56" [_thread_blocked, id=13944, stack(0x00000042a7600000,0x00000042a7700000)]
  0x0000023bf9a7a000 JavaThread "Unconstrained build operations Thread 57" [_thread_blocked, id=6928, stack(0x00000042a7700000,0x00000042a7800000)]
  0x0000023bf9a7b000 JavaThread "Unconstrained build operations Thread 58" [_thread_blocked, id=6316, stack(0x00000042a7800000,0x00000042a7900000)]
  0x0000023bf9a7b800 JavaThread "Unconstrained build operations Thread 59" [_thread_blocked, id=17356, stack(0x00000042a7900000,0x00000042a7a00000)]
  0x0000023bf9574800 JavaThread "Unconstrained build operations Thread 60" [_thread_blocked, id=12292, stack(0x00000042a7a00000,0x00000042a7b00000)]
  0x0000023bf9571800 JavaThread "Unconstrained build operations Thread 61" [_thread_blocked, id=16984, stack(0x00000042a7b00000,0x00000042a7c00000)]
  0x0000023bf9572000 JavaThread "Unconstrained build operations Thread 62" [_thread_blocked, id=17372, stack(0x00000042a7c00000,0x00000042a7d00000)]
  0x0000023bf9573000 JavaThread "Unconstrained build operations Thread 63" [_thread_blocked, id=9428, stack(0x00000042a7d00000,0x00000042a7e00000)]
  0x0000023bf956f000 JavaThread "Unconstrained build operations Thread 64" [_thread_blocked, id=10312, stack(0x00000042a7e00000,0x00000042a7f00000)]
  0x0000023bf9574000 JavaThread "Unconstrained build operations Thread 65" [_thread_blocked, id=14708, stack(0x00000042a7f00000,0x00000042a8000000)]
  0x0000023bf9575800 JavaThread "Unconstrained build operations Thread 66" [_thread_blocked, id=10308, stack(0x00000042a8000000,0x00000042a8100000)]
  0x0000023bf956f800 JavaThread "Unconstrained build operations Thread 67" [_thread_blocked, id=760, stack(0x00000042a8100000,0x00000042a8200000)]
  0x0000023bf9576800 JavaThread "Unconstrained build operations Thread 68" [_thread_blocked, id=4060, stack(0x00000042a8200000,0x00000042a8300000)]
  0x0000023bf9570800 JavaThread "Unconstrained build operations Thread 69" [_thread_blocked, id=15428, stack(0x00000042a8300000,0x00000042a8400000)]
  0x0000023bf957b000 JavaThread "Unconstrained build operations Thread 70" [_thread_blocked, id=15964, stack(0x00000042a8400000,0x00000042a8500000)]
  0x0000023bf9577000 JavaThread "Unconstrained build operations Thread 71" [_thread_blocked, id=9412, stack(0x00000042a8500000,0x00000042a8600000)]
  0x0000023bf9578000 JavaThread "Unconstrained build operations Thread 72" [_thread_blocked, id=13928, stack(0x00000042a8600000,0x00000042a8700000)]
  0x0000023bf957d800 JavaThread "Unconstrained build operations Thread 73" [_thread_blocked, id=17404, stack(0x00000042a8700000,0x00000042a8800000)]
  0x0000023bf9578800 JavaThread "Unconstrained build operations Thread 74" [_thread_blocked, id=10796, stack(0x00000042a8800000,0x00000042a8900000)]
  0x0000023bf957a800 JavaThread "Unconstrained build operations Thread 75" [_thread_blocked, id=16648, stack(0x00000042a8900000,0x00000042a8a00000)]
  0x0000023bf957d000 JavaThread "Unconstrained build operations Thread 76" [_thread_blocked, id=4220, stack(0x00000042a8a00000,0x00000042a8b00000)]
  0x0000023bf9579800 JavaThread "Unconstrained build operations Thread 77" [_thread_blocked, id=8052, stack(0x00000042a8b00000,0x00000042a8c00000)]
  0x0000023bf957c000 JavaThread "Unconstrained build operations Thread 78" [_thread_blocked, id=16268, stack(0x00000042a8c00000,0x00000042a8d00000)]
  0x0000023bfb48d800 JavaThread "Unconstrained build operations Thread 79" [_thread_blocked, id=636, stack(0x00000042a8d00000,0x00000042a8e00000)]
  0x0000023bfb492000 JavaThread "Unconstrained build operations Thread 80" [_thread_blocked, id=7900, stack(0x00000042a8e00000,0x00000042a8f00000)]
  0x0000023bfb491800 JavaThread "Memory manager" [_thread_blocked, id=15684, stack(0x00000042a8f00000,0x00000042a9000000)]

Other Threads:
=>0x0000023bf8022800 VMThread "VM Thread" [stack: 0x00000042a0d00000,0x00000042a0e00000] [id=6904]
  0x0000023bf8b78000 WatcherThread [stack: 0x00000042a1700000,0x00000042a1800000] [id=3156]
  0x0000023bdd4a4800 GCTaskThread "GC Thread#0" [stack: 0x00000042a0800000,0x00000042a0900000] [id=9932]
  0x0000023bf98af800 GCTaskThread "GC Thread#1" [stack: 0x00000042a1800000,0x00000042a1900000] [id=14136]
  0x0000023bfa568800 GCTaskThread "GC Thread#2" [stack: 0x00000042a1a00000,0x00000042a1b00000] [id=4480]
  0x0000023bfaad3800 GCTaskThread "GC Thread#3" [stack: 0x00000042a1b00000,0x00000042a1c00000] [id=15708]
  0x0000023bfae84000 GCTaskThread "GC Thread#4" [stack: 0x00000042a2700000,0x00000042a2800000] [id=12200]
  0x0000023bfa4bf000 GCTaskThread "GC Thread#5" [stack: 0x00000042a2800000,0x00000042a2900000] [id=6288]
  0x0000023bfaeec800 GCTaskThread "GC Thread#6" [stack: 0x00000042a2900000,0x00000042a2a00000] [id=3884]
  0x0000023bfa08a000 GCTaskThread "GC Thread#7" [stack: 0x00000042a2a00000,0x00000042a2b00000] [id=15820]
  0x0000023bdd4d5800 ConcurrentGCThread "G1 Main Marker" [stack: 0x00000042a0900000,0x00000042a0a00000] [id=1748]
  0x0000023bdd4d6800 ConcurrentGCThread "G1 Conc#0" [stack: 0x00000042a0a00000,0x00000042a0b00000] [id=11536]
  0x0000023bfac01800 ConcurrentGCThread "G1 Conc#1" [stack: 0x00000042a2b00000,0x00000042a2c00000] [id=17392]
  0x0000023bdd55e800 ConcurrentGCThread "G1 Refine#0" [stack: 0x00000042a0b00000,0x00000042a0c00000] [id=752]
  0x0000023bdd55f800 ConcurrentGCThread "G1 Young RemSet Sampling" [stack: 0x00000042a0c00000,0x00000042a0d00000] [id=6012]

Threads with active compile tasks:
C2 CompilerThread0  15161 7063   !   4       java.net.URL::<init> (543 bytes)
C1 CompilerThread0  15161 7141   !   3       java.beans.PropertyDescriptor::<init> (347 bytes)

VM state:at safepoint (normal execution)

VM Mutex/Monitor currently owned by a thread:  ([mutex/lock_event])
[0x0000023bdd485de0] Threads_lock - owner thread: 0x0000023bf8022800
[0x0000023bdd4864a0] Heap_lock - owner thread: 0x0000023bfa49c800

Heap address: 0x0000000080000000, size: 2048 MB, Compressed Oops mode: 32-bit
Narrow klass base: 0x0000000000000000, Narrow klass shift: 3
Compressed class space size: 1073741824 Address: 0x0000000100000000

Heap:
 garbage-first heap   total 172032K, used 88848K [0x0000000080000000, 0x0000000100000000)
  region size 1024K, 4 young (4096K), 4 survivors (4096K)
 Metaspace       used 70130K, capacity 71913K, committed 72220K, reserved 1112064K
  class space    used 8983K, capacity 9674K, committed 9804K, reserved 1048576K
Heap Regions: E=young(eden), S=young(survivor), O=old, HS=humongous(starts), HC=humongous(continues), CS=collection set, F=free, A=archive, TAMS=top-at-mark-start (previous, next)
|   0|0x0000000080000000, 0x0000000080100000, 0x0000000080100000|100%| O|  |TAMS 0x0000000080100000, 0x0000000080100000| Untracked 
|   1|0x0000000080100000, 0x0000000080200000, 0x0000000080200000|100%| O|  |TAMS 0x0000000080200000, 0x0000000080200000| Untracked 
|   2|0x0000000080200000, 0x0000000080300000, 0x0000000080300000|100%| O|  |TAMS 0x0000000080300000, 0x0000000080300000| Untracked 
|   3|0x0000000080300000, 0x0000000080400000, 0x0000000080400000|100%|HS|  |TAMS 0x0000000080400000, 0x0000000080400000| Complete 
|   4|0x0000000080400000, 0x0000000080500000, 0x0000000080500000|100%|HC|  |TAMS 0x0000000080500000, 0x0000000080500000| Complete 
|   5|0x0000000080500000, 0x0000000080600000, 0x0000000080600000|100%|HC|  |TAMS 0x0000000080600000, 0x0000000080600000| Complete 
|   6|0x0000000080600000, 0x0000000080700000, 0x0000000080700000|100%| O|  |TAMS 0x0000000080700000, 0x0000000080700000| Untracked 
|   7|0x0000000080700000, 0x0000000080800000, 0x0000000080800000|100%| O|  |TAMS 0x0000000080800000, 0x0000000080800000| Untracked 
|   8|0x0000000080800000, 0x0000000080900000, 0x0000000080900000|100%| O|  |TAMS 0x0000000080900000, 0x0000000080900000| Untracked 
|   9|0x0000000080900000, 0x0000000080a00000, 0x0000000080a00000|100%| O|  |TAMS 0x0000000080a00000, 0x0000000080a00000| Untracked 
|  10|0x0000000080a00000, 0x0000000080b00000, 0x0000000080b00000|100%| O|  |TAMS 0x0000000080b00000, 0x0000000080b00000| Untracked 
|  11|0x0000000080b00000, 0x0000000080c00000, 0x0000000080c00000|100%| O|  |TAMS 0x0000000080c00000, 0x0000000080c00000| Untracked 
|  12|0x0000000080c00000, 0x0000000080d00000, 0x0000000080d00000|100%| O|  |TAMS 0x0000000080d00000, 0x0000000080d00000| Untracked 
|  13|0x0000000080d00000, 0x0000000080e00000, 0x0000000080e00000|100%| O|  |TAMS 0x0000000080e00000, 0x0000000080e00000| Untracked 
|  14|0x0000000080e00000, 0x0000000080f00000, 0x0000000080f00000|100%| O|  |TAMS 0x0000000080f00000, 0x0000000080f00000| Untracked 
|  15|0x0000000080f00000, 0x0000000081000000, 0x0000000081000000|100%|HS|  |TAMS 0x0000000081000000, 0x0000000081000000| Complete 
|  16|0x0000000081000000, 0x0000000081100000, 0x0000000081100000|100%|HC|  |TAMS 0x0000000081100000, 0x0000000081100000| Complete 
|  17|0x0000000081100000, 0x0000000081200000, 0x0000000081200000|100%|HS|  |TAMS 0x0000000081200000, 0x0000000081200000| Complete 
|  18|0x0000000081200000, 0x0000000081300000, 0x0000000081300000|100%|HC|  |TAMS 0x0000000081300000, 0x0000000081300000| Complete 
|  19|0x0000000081300000, 0x0000000081400000, 0x0000000081400000|100%|HC|  |TAMS 0x0000000081400000, 0x0000000081400000| Complete 
|  20|0x0000000081400000, 0x0000000081500000, 0x0000000081500000|100%|HS|  |TAMS 0x0000000081500000, 0x0000000081500000| Complete 
|  21|0x0000000081500000, 0x0000000081600000, 0x0000000081600000|100%|HS|  |TAMS 0x0000000081600000, 0x0000000081600000| Complete 
|  22|0x0000000081600000, 0x0000000081700000, 0x0000000081700000|100%|HC|  |TAMS 0x0000000081700000, 0x0000000081700000| Complete 
|  23|0x0000000081700000, 0x0000000081800000, 0x0000000081800000|100%|HC|  |TAMS 0x0000000081800000, 0x0000000081800000| Complete 
|  24|0x0000000081800000, 0x0000000081900000, 0x0000000081900000|100%|HC|  |TAMS 0x0000000081900000, 0x0000000081900000| Complete 
|  25|0x0000000081900000, 0x0000000081a00000, 0x0000000081a00000|100%| O|  |TAMS 0x0000000081a00000, 0x0000000081a00000| Untracked 
|  26|0x0000000081a00000, 0x0000000081b00000, 0x0000000081b00000|100%| O|  |TAMS 0x0000000081b00000, 0x0000000081b00000| Untracked 
|  27|0x0000000081b00000, 0x0000000081c00000, 0x0000000081c00000|100%| O|  |TAMS 0x0000000081c00000, 0x0000000081c00000| Untracked 
|  28|0x0000000081c00000, 0x0000000081d00000, 0x0000000081d00000|100%| O|  |TAMS 0x0000000081d00000, 0x0000000081d00000| Untracked 
|  29|0x0000000081d00000, 0x0000000081e00000, 0x0000000081e00000|100%| O|  |TAMS 0x0000000081e00000, 0x0000000081e00000| Untracked 
|  30|0x0000000081e00000, 0x0000000081f00000, 0x0000000081f00000|100%| O|  |TAMS 0x0000000081f00000, 0x0000000081f00000| Untracked 
|  31|0x0000000081f00000, 0x0000000082000000, 0x0000000082000000|100%| O|  |TAMS 0x0000000082000000, 0x0000000082000000| Untracked 
|  32|0x0000000082000000, 0x0000000082100000, 0x0000000082100000|100%| O|  |TAMS 0x0000000082100000, 0x0000000082100000| Untracked 
|  33|0x0000000082100000, 0x0000000082200000, 0x0000000082200000|100%|HS|  |TAMS 0x0000000082200000, 0x0000000082200000| Complete 
|  34|0x0000000082200000, 0x0000000082300000, 0x0000000082300000|100%| O|  |TAMS 0x0000000082300000, 0x0000000082300000| Untracked 
|  35|0x0000000082300000, 0x0000000082400000, 0x0000000082400000|100%| O|  |TAMS 0x0000000082400000, 0x0000000082400000| Untracked 
|  36|0x0000000082400000, 0x0000000082500000, 0x0000000082500000|100%| O|  |TAMS 0x0000000082500000, 0x0000000082500000| Untracked 
|  37|0x0000000082500000, 0x0000000082600000, 0x0000000082600000|100%| O|  |TAMS 0x0000000082600000, 0x0000000082600000| Untracked 
|  38|0x0000000082600000, 0x0000000082700000, 0x0000000082700000|100%| O|  |TAMS 0x0000000082700000, 0x0000000082700000| Untracked 
|  39|0x0000000082700000, 0x0000000082800000, 0x0000000082800000|100%| O|  |TAMS 0x0000000082800000, 0x0000000082800000| Untracked 
|  40|0x0000000082800000, 0x0000000082900000, 0x0000000082900000|100%| O|  |TAMS 0x0000000082900000, 0x0000000082900000| Untracked 
|  41|0x0000000082900000, 0x0000000082a00000, 0x0000000082a00000|100%|HS|  |TAMS 0x0000000082a00000, 0x0000000082a00000| Complete 
|  42|0x0000000082a00000, 0x0000000082b00000, 0x0000000082b00000|100%|HC|  |TAMS 0x0000000082b00000, 0x0000000082b00000| Complete 
|  43|0x0000000082b00000, 0x0000000082c00000, 0x0000000082c00000|100%|HC|  |TAMS 0x0000000082c00000, 0x0000000082c00000| Complete 
|  44|0x0000000082c00000, 0x0000000082d00000, 0x0000000082d00000|100%| O|  |TAMS 0x0000000082d00000, 0x0000000082d00000| Untracked 
|  45|0x0000000082d00000, 0x0000000082e00000, 0x0000000082e00000|100%| O|  |TAMS 0x0000000082e00000, 0x0000000082e00000| Untracked 
|  46|0x0000000082e00000, 0x0000000082f00000, 0x0000000082f00000|100%| O|  |TAMS 0x0000000082f00000, 0x0000000082f00000| Untracked 
|  47|0x0000000082f00000, 0x0000000083000000, 0x0000000083000000|100%| O|  |TAMS 0x0000000083000000, 0x0000000083000000| Untracked 
|  48|0x0000000083000000, 0x0000000083100000, 0x0000000083100000|100%| O|  |TAMS 0x0000000083100000, 0x0000000083100000| Untracked 
|  49|0x0000000083100000, 0x0000000083200000, 0x0000000083200000|100%| O|  |TAMS 0x0000000083200000, 0x0000000083200000| Untracked 
|  50|0x0000000083200000, 0x0000000083300000, 0x0000000083300000|100%|HS|  |TAMS 0x0000000083300000, 0x0000000083300000| Complete 
|  51|0x0000000083300000, 0x0000000083400000, 0x0000000083400000|100%|HC|  |TAMS 0x0000000083400000, 0x0000000083400000| Complete 
|  52|0x0000000083400000, 0x0000000083500000, 0x0000000083500000|100%|HC|  |TAMS 0x0000000083500000, 0x0000000083500000| Complete 
|  53|0x0000000083500000, 0x0000000083600000, 0x0000000083600000|100%|HC|  |TAMS 0x0000000083600000, 0x0000000083600000| Complete 
|  54|0x0000000083600000, 0x0000000083700000, 0x0000000083700000|100%| O|  |TAMS 0x0000000083700000, 0x0000000083700000| Untracked 
|  55|0x0000000083700000, 0x0000000083800000, 0x0000000083800000|100%| O|  |TAMS 0x0000000083800000, 0x0000000083800000| Untracked 
|  56|0x0000000083800000, 0x0000000083900000, 0x0000000083900000|100%| O|  |TAMS 0x0000000083900000, 0x0000000083900000| Untracked 
|  57|0x0000000083900000, 0x0000000083a00000, 0x0000000083a00000|100%| O|  |TAMS 0x0000000083a00000, 0x0000000083a00000| Untracked 
|  58|0x0000000083a00000, 0x0000000083b00000, 0x0000000083b00000|100%| O|  |TAMS 0x0000000083b00000, 0x0000000083b00000| Untracked 
|  59|0x0000000083b00000, 0x0000000083c00000, 0x0000000083c00000|100%|HS|  |TAMS 0x0000000083c00000, 0x0000000083c00000| Complete 
|  60|0x0000000083c00000, 0x0000000083d00000, 0x0000000083d00000|100%|HS|  |TAMS 0x0000000083d00000, 0x0000000083d00000| Complete 
|  61|0x0000000083d00000, 0x0000000083e00000, 0x0000000083e00000|100%|HS|  |TAMS 0x0000000083e00000, 0x0000000083e00000| Complete 
|  62|0x0000000083e00000, 0x0000000083f00000, 0x0000000083f00000|100%| O|  |TAMS 0x0000000083f00000, 0x0000000083f00000| Untracked 
|  63|0x0000000083f00000, 0x0000000084000000, 0x0000000084000000|100%| O|  |TAMS 0x0000000084000000, 0x0000000084000000| Untracked 
|  64|0x0000000084000000, 0x0000000084100000, 0x0000000084100000|100%|HS|  |TAMS 0x0000000084100000, 0x0000000084100000| Complete 
|  65|0x0000000084100000, 0x0000000084200000, 0x0000000084200000|100%|HC|  |TAMS 0x0000000084200000, 0x0000000084200000| Complete 
|  66|0x0000000084200000, 0x0000000084300000, 0x0000000084300000|100%|HC|  |TAMS 0x0000000084300000, 0x0000000084300000| Complete 
|  67|0x0000000084300000, 0x0000000084400000, 0x0000000084400000|100%| O|  |TAMS 0x0000000084400000, 0x0000000084400000| Untracked 
|  68|0x0000000084400000, 0x0000000084500000, 0x0000000084500000|100%| O|  |TAMS 0x0000000084500000, 0x0000000084500000| Untracked 
|  69|0x0000000084500000, 0x0000000084600000, 0x0000000084600000|100%|HS|  |TAMS 0x0000000084600000, 0x0000000084600000| Complete 
|  70|0x0000000084600000, 0x0000000084700000, 0x0000000084700000|100%|HC|  |TAMS 0x0000000084700000, 0x0000000084700000| Complete 
|  71|0x0000000084700000, 0x0000000084800000, 0x0000000084800000|100%| O|  |TAMS 0x0000000084800000, 0x0000000084800000| Untracked 
|  72|0x0000000084800000, 0x0000000084900000, 0x0000000084900000|100%| O|  |TAMS 0x0000000084900000, 0x0000000084900000| Untracked 
|  73|0x0000000084900000, 0x0000000084a00000, 0x0000000084a00000|100%| O|  |TAMS 0x0000000084a00000, 0x0000000084a00000| Untracked 
|  74|0x0000000084a00000, 0x0000000084b00000, 0x0000000084b00000|100%| O|  |TAMS 0x0000000084b00000, 0x0000000084b00000| Untracked 
|  75|0x0000000084b00000, 0x0000000084c00000, 0x0000000084c00000|100%| O|  |TAMS 0x0000000084c00000, 0x0000000084c00000| Untracked 
|  76|0x0000000084c00000, 0x0000000084d00000, 0x0000000084d00000|100%| O|  |TAMS 0x0000000084d00000, 0x0000000084d00000| Untracked 
|  77|0x0000000084d00000, 0x0000000084e00000, 0x0000000084e00000|100%| O|  |TAMS 0x0000000084e00000, 0x0000000084e00000| Untracked 
|  78|0x0000000084e00000, 0x0000000084f00000, 0x0000000084f00000|100%| O|  |TAMS 0x0000000084f00000, 0x0000000084f00000| Untracked 
|  79|0x0000000084f00000, 0x0000000085000000, 0x0000000085000000|100%| O|  |TAMS 0x0000000085000000, 0x0000000085000000| Untracked 
|  80|0x0000000085000000, 0x0000000085100000, 0x0000000085100000|100%| O|  |TAMS 0x0000000085000000, 0x0000000085100000| Untracked 
|  81|0x0000000085100000, 0x0000000085200000, 0x0000000085200000|100%| O|  |TAMS 0x000000008518a200, 0x0000000085200000| Untracked 
|  82|0x0000000085200000, 0x0000000085247400, 0x0000000085300000| 27%| O|  |TAMS 0x0000000085200000, 0x0000000085247400| Untracked 
|  83|0x0000000085300000, 0x0000000085400000, 0x0000000085400000|100%| O|  |TAMS 0x0000000085300000, 0x0000000085400000| Untracked 
|  84|0x0000000085400000, 0x0000000085400000, 0x0000000085500000|  0%| F|  |TAMS 0x0000000085400000, 0x0000000085400000| Untracked 
|  85|0x0000000085500000, 0x0000000085500000, 0x0000000085600000|  0%| F|  |TAMS 0x0000000085500000, 0x0000000085500000| Untracked 
|  86|0x0000000085600000, 0x0000000085600000, 0x0000000085700000|  0%| F|  |TAMS 0x0000000085600000, 0x0000000085600000| Untracked 
|  87|0x0000000085700000, 0x0000000085700000, 0x0000000085800000|  0%| F|  |TAMS 0x0000000085700000, 0x0000000085700000| Untracked 
|  88|0x0000000085800000, 0x0000000085800000, 0x0000000085900000|  0%| F|  |TAMS 0x0000000085800000, 0x0000000085800000| Untracked 
|  89|0x0000000085900000, 0x0000000085900000, 0x0000000085a00000|  0%| F|  |TAMS 0x0000000085900000, 0x0000000085900000| Untracked 
|  90|0x0000000085a00000, 0x0000000085a00000, 0x0000000085b00000|  0%| F|  |TAMS 0x0000000085a00000, 0x0000000085a00000| Untracked 
|  91|0x0000000085b00000, 0x0000000085b00000, 0x0000000085c00000|  0%| F|  |TAMS 0x0000000085b00000, 0x0000000085b00000| Untracked 
|  92|0x0000000085c00000, 0x0000000085c00000, 0x0000000085d00000|  0%| F|  |TAMS 0x0000000085c00000, 0x0000000085c00000| Untracked 
|  93|0x0000000085d00000, 0x0000000085d00000, 0x0000000085e00000|  0%| F|  |TAMS 0x0000000085d00000, 0x0000000085d00000| Untracked 
|  94|0x0000000085e00000, 0x0000000085e00000, 0x0000000085f00000|  0%| F|  |TAMS 0x0000000085e00000, 0x0000000085e00000| Untracked 
|  95|0x0000000085f00000, 0x0000000085f00000, 0x0000000086000000|  0%| F|  |TAMS 0x0000000085f00000, 0x0000000085f00000| Untracked 
|  96|0x0000000086000000, 0x0000000086000000, 0x0000000086100000|  0%| F|  |TAMS 0x0000000086000000, 0x0000000086000000| Untracked 
|  97|0x0000000086100000, 0x0000000086100000, 0x0000000086200000|  0%| F|  |TAMS 0x0000000086100000, 0x0000000086100000| Untracked 
|  98|0x0000000086200000, 0x0000000086200000, 0x0000000086300000|  0%| F|  |TAMS 0x0000000086200000, 0x0000000086200000| Untracked 
|  99|0x0000000086300000, 0x0000000086300000, 0x0000000086400000|  0%| F|  |TAMS 0x0000000086300000, 0x0000000086300000| Untracked 
| 100|0x0000000086400000, 0x0000000086400000, 0x0000000086500000|  0%| F|  |TAMS 0x0000000086400000, 0x0000000086400000| Untracked 
| 101|0x0000000086500000, 0x0000000086500000, 0x0000000086600000|  0%| F|  |TAMS 0x0000000086500000, 0x0000000086500000| Untracked 
| 102|0x0000000086600000, 0x0000000086600000, 0x0000000086700000|  0%| F|  |TAMS 0x0000000086600000, 0x0000000086600000| Untracked 
| 103|0x0000000086700000, 0x0000000086700000, 0x0000000086800000|  0%| F|  |TAMS 0x0000000086700000, 0x0000000086700000| Untracked 
| 104|0x0000000086800000, 0x0000000086800000, 0x0000000086900000|  0%| F|  |TAMS 0x0000000086800000, 0x0000000086800000| Untracked 
| 105|0x0000000086900000, 0x0000000086900000, 0x0000000086a00000|  0%| F|  |TAMS 0x0000000086900000, 0x0000000086900000| Untracked 
| 106|0x0000000086a00000, 0x0000000086a00000, 0x0000000086b00000|  0%| F|  |TAMS 0x0000000086a00000, 0x0000000086a00000| Untracked 
| 107|0x0000000086b00000, 0x0000000086b7cc50, 0x0000000086c00000| 48%| S|CS|TAMS 0x0000000086b00000, 0x0000000086b00000| Complete 
| 108|0x0000000086c00000, 0x0000000086c00000, 0x0000000086d00000|  0%| F|  |TAMS 0x0000000086c00000, 0x0000000086c00000| Untracked 
| 109|0x0000000086d00000, 0x0000000086d00000, 0x0000000086e00000|  0%| F|  |TAMS 0x0000000086d00000, 0x0000000086d00000| Untracked 
| 110|0x0000000086e00000, 0x0000000086e00000, 0x0000000086f00000|  0%| F|  |TAMS 0x0000000086e00000, 0x0000000086e00000| Untracked 
| 111|0x0000000086f00000, 0x0000000087000000, 0x0000000087000000|100%| S|CS|TAMS 0x0000000086f00000, 0x0000000086f00000| Complete 
| 112|0x0000000087000000, 0x0000000087100000, 0x0000000087100000|100%| S|CS|TAMS 0x0000000087000000, 0x0000000087000000| Complete 
| 113|0x0000000087100000, 0x0000000087200000, 0x0000000087200000|100%| S|CS|TAMS 0x0000000087100000, 0x0000000087100000| Complete 
| 114|0x0000000087200000, 0x0000000087200000, 0x0000000087300000|  0%| F|  |TAMS 0x0000000087200000, 0x0000000087200000| Untracked 
| 115|0x0000000087300000, 0x0000000087300000, 0x0000000087400000|  0%| F|  |TAMS 0x0000000087300000, 0x0000000087300000| Untracked 
| 116|0x0000000087400000, 0x0000000087400000, 0x0000000087500000|  0%| F|  |TAMS 0x0000000087400000, 0x0000000087400000| Untracked 
| 117|0x0000000087500000, 0x0000000087500000, 0x0000000087600000|  0%| F|  |TAMS 0x0000000087500000, 0x0000000087500000| Untracked 
| 118|0x0000000087600000, 0x0000000087600000, 0x0000000087700000|  0%| F|  |TAMS 0x0000000087600000, 0x0000000087600000| Untracked 
| 119|0x0000000087700000, 0x0000000087700000, 0x0000000087800000|  0%| F|  |TAMS 0x0000000087700000, 0x0000000087700000| Untracked 
| 120|0x0000000087800000, 0x0000000087800000, 0x0000000087900000|  0%| F|  |TAMS 0x0000000087800000, 0x0000000087800000| Untracked 
| 121|0x0000000087900000, 0x0000000087900000, 0x0000000087a00000|  0%| F|  |TAMS 0x0000000087900000, 0x0000000087900000| Untracked 
| 122|0x0000000087a00000, 0x0000000087a00000, 0x0000000087b00000|  0%| F|  |TAMS 0x0000000087a00000, 0x0000000087a00000| Untracked 
| 123|0x0000000087b00000, 0x0000000087b00000, 0x0000000087c00000|  0%| F|  |TAMS 0x0000000087b00000, 0x0000000087b00000| Untracked 
| 124|0x0000000087c00000, 0x0000000087c00000, 0x0000000087d00000|  0%| F|  |TAMS 0x0000000087c00000, 0x0000000087c00000| Untracked 
| 125|0x0000000087d00000, 0x0000000087d00000, 0x0000000087e00000|  0%| F|  |TAMS 0x0000000087d00000, 0x0000000087d00000| Untracked 
| 126|0x0000000087e00000, 0x0000000087e00000, 0x0000000087f00000|  0%| F|  |TAMS 0x0000000087e00000, 0x0000000087e00000| Untracked 
| 127|0x0000000087f00000, 0x0000000087f00000, 0x0000000088000000|  0%| F|  |TAMS 0x0000000087f00000, 0x0000000087f00000| Untracked 
| 128|0x0000000088000000, 0x0000000088000000, 0x0000000088100000|  0%| F|  |TAMS 0x0000000088000000, 0x0000000088000000| Untracked 
| 129|0x0000000088100000, 0x0000000088100000, 0x0000000088200000|  0%| F|  |TAMS 0x0000000088100000, 0x0000000088100000| Untracked 
| 130|0x0000000088200000, 0x0000000088200000, 0x0000000088300000|  0%| F|  |TAMS 0x0000000088200000, 0x0000000088200000| Untracked 
| 131|0x0000000088300000, 0x0000000088300000, 0x0000000088400000|  0%| F|  |TAMS 0x0000000088300000, 0x0000000088300000| Untracked 
| 132|0x0000000088400000, 0x0000000088400000, 0x0000000088500000|  0%| F|  |TAMS 0x0000000088400000, 0x0000000088400000| Untracked 
| 133|0x0000000088500000, 0x0000000088500000, 0x0000000088600000|  0%| F|  |TAMS 0x0000000088500000, 0x0000000088500000| Untracked 
| 134|0x0000000088600000, 0x0000000088600000, 0x0000000088700000|  0%| F|  |TAMS 0x0000000088600000, 0x0000000088600000| Untracked 
| 135|0x0000000088700000, 0x0000000088700000, 0x0000000088800000|  0%| F|  |TAMS 0x0000000088700000, 0x0000000088700000| Untracked 
| 136|0x0000000088800000, 0x0000000088800000, 0x0000000088900000|  0%| F|  |TAMS 0x0000000088800000, 0x0000000088800000| Untracked 
| 137|0x0000000088900000, 0x0000000088900000, 0x0000000088a00000|  0%| F|  |TAMS 0x0000000088900000, 0x0000000088900000| Untracked 
| 138|0x0000000088a00000, 0x0000000088a00000, 0x0000000088b00000|  0%| F|  |TAMS 0x0000000088a00000, 0x0000000088a00000| Untracked 
| 139|0x0000000088b00000, 0x0000000088b00000, 0x0000000088c00000|  0%| F|  |TAMS 0x0000000088b00000, 0x0000000088b00000| Untracked 

Card table byte_map: [0x0000023bf0e00000,0x0000023bf1200000] _byte_map_base: 0x0000023bf0a00000

Marking Bits (Prev, Next): (CMBitMap*) 0x0000023bdd4cc7d0, (CMBitMap*) 0x0000023bdd4cc798
 Prev Bits: [0x0000023bf3600000, 0x0000023bf5600000)
 Next Bits: [0x0000023bf1600000, 0x0000023bf3600000)

Polling page: 0x0000023bdbc00000

Metaspace:

Usage:
  Non-class:     60.78 MB capacity,    59.71 MB ( 98%) used,   910.90 KB (  1%) free+waste,   181.00 KB ( <1%) overhead. 
      Class:      9.45 MB capacity,     8.77 MB ( 93%) used,   605.02 KB (  6%) free+waste,    85.31 KB ( <1%) overhead. 
       Both:     70.23 MB capacity,    68.49 MB ( 98%) used,     1.48 MB (  2%) free+waste,   266.31 KB ( <1%) overhead. 

Virtual space:
  Non-class space:       62.00 MB reserved,      60.95 MB ( 98%) committed 
      Class space:        1.00 GB reserved,       9.57 MB ( <1%) committed 
             Both:        1.06 GB reserved,      70.53 MB (  6%) committed 

Chunk freelists:
   Non-Class:  49.00 KB
       Class:  22.00 KB
        Both:  71.00 KB

MaxMetaspaceSize: 17179869184.00 GB
CompressedClassSpaceSize: 1.00 GB
Initial GC threshold: 20.80 MB
Current GC threshold: 112.55 MB
CDS: off

CodeHeap 'non-profiled nmethods': size=120000Kb used=3462Kb max_used=3462Kb free=116537Kb
 bounds [0x0000023be8a70000, 0x0000023be8de0000, 0x0000023beffa0000]
CodeHeap 'profiled nmethods': size=120000Kb used=15498Kb max_used=15498Kb free=104501Kb
 bounds [0x0000023be1540000, 0x0000023be2470000, 0x0000023be8a70000]
CodeHeap 'non-nmethods': size=5760Kb used=2355Kb max_used=2377Kb free=3404Kb
 bounds [0x0000023be0fa0000, 0x0000023be1210000, 0x0000023be1540000]
 total_blobs=7882 nmethods=7018 adapters=774
 compilation: enabled
              stopped_count=0, restarted_count=0
 full_count=0

Compilation events (20 events):
Event: 15.032 Thread 0x0000023bf805d000 nmethod 7128 0x0000023be245cb90 code [0x0000023be245cd60, 0x0000023be245d138]
Event: 15.032 Thread 0x0000023bf805d000 7129       3       java.util.TreeMap$EntrySet::iterator (19 bytes)
Event: 15.033 Thread 0x0000023bf805d000 nmethod 7129 0x0000023be245d290 code [0x0000023be245d480, 0x0000023be245d998]
Event: 15.085 Thread 0x0000023bf805d000 7131       3       org.codehaus.groovy.reflection.CachedClass$3::initValue (5 bytes)
Event: 15.085 Thread 0x0000023bf805d000 nmethod 7131 0x0000023be245db90 code [0x0000023be245dd40, 0x0000023be245de88]
Event: 15.085 Thread 0x0000023bf805d000 7132       3       org.codehaus.groovy.reflection.CachedClass$3$$Lambda$328/0x00000001004c9040::run (8 bytes)
Event: 15.085 Thread 0x0000023bf805d000 nmethod 7132 0x0000023be245df10 code [0x0000023be245e0c0, 0x0000023be245e1e8]
Event: 15.085 Thread 0x0000023bf805d000 7133       3       org.codehaus.groovy.reflection.CachedClass$3::lambda$initValue$3 (5 bytes)
Event: 15.085 Thread 0x0000023bf805d000 nmethod 7133 0x0000023be245e310 code [0x0000023be245e4c0, 0x0000023be245e638]
Event: 15.091 Thread 0x0000023bf805d000 7134 %     3       java.util.ComparableTimSort::binarySort @ 32 (223 bytes)
Event: 15.091 Thread 0x0000023bf805d000 nmethod 7134% 0x0000023be245e710 code [0x0000023be245e960, 0x0000023be245f558]
Event: 15.102 Thread 0x0000023bf805d000 7135       3       java.util.Collections$UnmodifiableCollection::isEmpty (10 bytes)
Event: 15.102 Thread 0x0000023bf805d000 nmethod 7135 0x0000023be245f890 code [0x0000023be245fa40, 0x0000023be245fc08]
Event: 15.104 Thread 0x0000023bf805d000 7136 %     3       java.lang.Class::privateGetPublicMethods @ 95 (224 bytes)
Event: 15.106 Thread 0x0000023bf805d000 nmethod 7136% 0x0000023be245fd10 code [0x0000023be2460000, 0x0000023be2460eb8]
Event: 15.107 Thread 0x0000023bf805d000 7137  s    3       java.beans.PropertyDescriptor::setReadMethod (22 bytes)
Event: 15.107 Thread 0x0000023bf805d000 nmethod 7137 0x0000023be2461690 code [0x0000023be24618a0, 0x0000023be2461ed8]
Event: 15.110 Thread 0x0000023bf805d000 7140  s    3       java.beans.PropertyDescriptor::setWriteMethod (19 bytes)
Event: 15.111 Thread 0x0000023bf805d000 nmethod 7140 0x0000023be2462110 code [0x0000023be2462320, 0x0000023be24629b8]
Event: 15.111 Thread 0x0000023bf805d000 7141   !   3       java.beans.PropertyDescriptor::<init> (347 bytes)

GC Heap History (20 events):
Event: 11.762 GC heap after
{Heap after GC invocations=32 (full 0):
 garbage-first heap   total 98304K, used 76250K [0x0000000080000000, 0x0000000100000000)
  region size 1024K, 1 young (1024K), 1 survivors (1024K)
 Metaspace       used 53545K, capacity 54987K, committed 55324K, reserved 1097728K
  class space    used 6895K, capacity 7418K, committed 7500K, reserved 1048576K
}
Event: 11.882 GC heap before
{Heap before GC invocations=33 (full 0):
 garbage-first heap   total 98304K, used 81370K [0x0000000080000000, 0x0000000100000000)
  region size 1024K, 6 young (6144K), 1 survivors (1024K)
 Metaspace       used 54122K, capacity 55674K, committed 55964K, reserved 1097728K
  class space    used 6974K, capacity 7519K, committed 7628K, reserved 1048576K
}
Event: 11.883 GC heap after
{Heap after GC invocations=34 (full 0):
 garbage-first heap   total 98304K, used 76422K [0x0000000080000000, 0x0000000100000000)
  region size 1024K, 1 young (1024K), 1 survivors (1024K)
 Metaspace       used 54122K, capacity 55674K, committed 55964K, reserved 1097728K
  class space    used 6974K, capacity 7519K, committed 7628K, reserved 1048576K
}
Event: 11.998 GC heap before
{Heap before GC invocations=34 (full 0):
 garbage-first heap   total 98304K, used 81542K [0x0000000080000000, 0x0000000100000000)
  region size 1024K, 6 young (6144K), 1 survivors (1024K)
 Metaspace       used 54686K, capacity 56289K, committed 56476K, reserved 1097728K
  class space    used 7049K, capacity 7616K, committed 7628K, reserved 1048576K
}
Event: 12.001 GC heap after
{Heap after GC invocations=35 (full 0):
 garbage-first heap   total 118784K, used 76542K [0x0000000080000000, 0x0000000100000000)
  region size 1024K, 1 young (1024K), 1 survivors (1024K)
 Metaspace       used 54686K, capacity 56289K, committed 56476K, reserved 1097728K
  class space    used 7049K, capacity 7616K, committed 7628K, reserved 1048576K
}
Event: 12.448 GC heap before
{Heap before GC invocations=36 (full 0):
 garbage-first heap   total 118784K, used 90878K [0x0000000080000000, 0x0000000100000000)
  region size 1024K, 15 young (15360K), 1 survivors (1024K)
 Metaspace       used 56716K, capacity 58322K, committed 58652K, reserved 1099776K
  class space    used 7313K, capacity 7911K, committed 8012K, reserved 1048576K
}
Event: 12.451 GC heap after
{Heap after GC invocations=37 (full 0):
 garbage-first heap   total 118784K, used 77447K [0x0000000080000000, 0x0000000100000000)
  region size 1024K, 2 young (2048K), 2 survivors (2048K)
 Metaspace       used 56716K, capacity 58322K, committed 58652K, reserved 1099776K
  class space    used 7313K, capacity 7911K, committed 8012K, reserved 1048576K
}
Event: 12.770 GC heap before
{Heap before GC invocations=37 (full 0):
 garbage-first heap   total 118784K, used 91783K [0x0000000080000000, 0x0000000100000000)
  region size 1024K, 16 young (16384K), 2 survivors (2048K)
 Metaspace       used 58849K, capacity 60440K, committed 60572K, reserved 1101824K
  class space    used 7544K, capacity 8126K, committed 8140K, reserved 1048576K
}
Event: 12.773 GC heap after
{Heap after GC invocations=38 (full 0):
 garbage-first heap   total 118784K, used 77538K [0x0000000080000000, 0x0000000100000000)
  region size 1024K, 2 young (2048K), 2 survivors (2048K)
 Metaspace       used 58849K, capacity 60440K, committed 60572K, reserved 1101824K
  class space    used 7544K, capacity 8126K, committed 8140K, reserved 1048576K
}
Event: 13.191 GC heap before
{Heap before GC invocations=39 (full 0):
 garbage-first heap   total 118784K, used 93922K [0x0000000080000000, 0x0000000100000000)
  region size 1024K, 18 young (18432K), 2 survivors (2048K)
 Metaspace       used 61439K, capacity 63077K, committed 63260K, reserved 1103872K
  class space    used 7897K, capacity 8511K, committed 8524K, reserved 1048576K
}
Event: 13.195 GC heap after
{Heap after GC invocations=40 (full 0):
 garbage-first heap   total 118784K, used 78396K [0x0000000080000000, 0x0000000100000000)
  region size 1024K, 2 young (2048K), 2 survivors (2048K)
 Metaspace       used 61439K, capacity 63077K, committed 63260K, reserved 1103872K
  class space    used 7897K, capacity 8511K, committed 8524K, reserved 1048576K
}
Event: 13.488 GC heap before
{Heap before GC invocations=40 (full 0):
 garbage-first heap   total 118784K, used 94780K [0x0000000080000000, 0x0000000100000000)
  region size 1024K, 19 young (19456K), 2 survivors (2048K)
 Metaspace       used 63159K, capacity 64917K, committed 65052K, reserved 1105920K
  class space    used 8095K, capacity 8720K, committed 8780K, reserved 1048576K
}
Event: 13.495 GC heap after
{Heap after GC invocations=41 (full 0):
 garbage-first heap   total 143360K, used 82786K [0x0000000080000000, 0x0000000100000000)
  region size 1024K, 3 young (3072K), 3 survivors (3072K)
 Metaspace       used 63159K, capacity 64917K, committed 65052K, reserved 1105920K
  class space    used 8095K, capacity 8720K, committed 8780K, reserved 1048576K
}
Event: 14.015 GC heap before
{Heap before GC invocations=42 (full 0):
 garbage-first heap   total 143360K, used 107362K [0x0000000080000000, 0x0000000100000000)
  region size 1024K, 27 young (27648K), 3 survivors (3072K)
 Metaspace       used 65487K, capacity 67223K, committed 67356K, reserved 1107968K
  class space    used 8379K, capacity 9015K, committed 9036K, reserved 1048576K
}
Event: 14.020 GC heap after
{Heap after GC invocations=43 (full 0):
 garbage-first heap   total 143360K, used 84316K [0x0000000080000000, 0x0000000100000000)
  region size 1024K, 4 young (4096K), 4 survivors (4096K)
 Metaspace       used 65487K, capacity 67223K, committed 67356K, reserved 1107968K
  class space    used 8379K, capacity 9015K, committed 9036K, reserved 1048576K
}
Event: 14.322 GC heap before
{Heap before GC invocations=43 (full 0):
 garbage-first heap   total 143360K, used 102748K [0x0000000080000000, 0x0000000100000000)
  region size 1024K, 24 young (24576K), 4 survivors (4096K)
 Metaspace       used 66921K, capacity 68647K, committed 68892K, reserved 1110016K
  class space    used 8571K, capacity 9189K, committed 9292K, reserved 1048576K
}
Event: 14.327 GC heap after
{Heap after GC invocations=44 (full 0):
 garbage-first heap   total 143360K, used 86667K [0x0000000080000000, 0x0000000100000000)
  region size 1024K, 4 young (4096K), 4 survivors (4096K)
 Metaspace       used 66921K, capacity 68647K, committed 68892K, reserved 1110016K
  class space    used 8571K, capacity 9189K, committed 9292K, reserved 1048576K
}
Event: 14.837 GC heap before
{Heap before GC invocations=45 (full 0):
 garbage-first heap   total 143360K, used 112267K [0x0000000080000000, 0x0000000100000000)
  region size 1024K, 29 young (29696K), 4 survivors (4096K)
 Metaspace       used 69463K, capacity 71248K, committed 71580K, reserved 1112064K
  class space    used 8891K, capacity 9540K, committed 9676K, reserved 1048576K
}
Event: 14.841 GC heap after
{Heap after GC invocations=46 (full 0):
 garbage-first heap   total 143360K, used 86477K [0x0000000080000000, 0x0000000100000000)
  region size 1024K, 3 young (3072K), 3 survivors (3072K)
 Metaspace       used 69463K, capacity 71248K, committed 71580K, reserved 1112064K
  class space    used 8891K, capacity 9540K, committed 9676K, reserved 1048576K
}
Event: 15.113 GC heap before
{Heap before GC invocations=46 (full 0):
 garbage-first heap   total 143360K, used 113101K [0x0000000080000000, 0x0000000100000000)
  region size 1024K, 29 young (29696K), 3 survivors (3072K)
 Metaspace       used 70130K, capacity 71913K, committed 72220K, reserved 1112064K
  class space    used 8983K, capacity 9674K, committed 9804K, reserved 1048576K
}

Deoptimization events (20 events):
Event: 14.579 Thread 0x0000023bfa49c800 DEOPT PACKING pc=0x0000023be1a8b916 sp=0x00000042a21f7660
Event: 14.579 Thread 0x0000023bfa49c800 DEOPT UNPACKING pc=0x0000023be0fea95e sp=0x00000042a21f6b78 mode 0
Event: 14.580 Thread 0x0000023bfa49c800 Uncommon trap: trap_request=0xffffff4d fr.pc=0x0000023be8b1b364 relative=0x0000000000000624
Event: 14.580 Thread 0x0000023bfa49c800 Uncommon trap: reason=unstable_if action=reinterpret pc=0x0000023be8b1b364 method=java.lang.String.replace(CC)Ljava/lang/String; @ 2 c2
Event: 14.580 Thread 0x0000023bfa49c800 DEOPT PACKING pc=0x0000023be8b1b364 sp=0x00000042a21f7790
Event: 14.580 Thread 0x0000023bfa49c800 DEOPT UNPACKING pc=0x0000023be0fea1af sp=0x00000042a21f7740 mode 2
Event: 14.670 Thread 0x0000023bfa49c800 Uncommon trap: trap_request=0xffffff4d fr.pc=0x0000023be8b434f4 relative=0x0000000000000914
Event: 14.670 Thread 0x0000023bfa49c800 Uncommon trap: reason=unstable_if action=reinterpret pc=0x0000023be8b434f4 method=java.lang.Integer.stringSize(I)I @ 19 c2
Event: 14.670 Thread 0x0000023bfa49c800 DEOPT PACKING pc=0x0000023be8b434f4 sp=0x00000042a21f8ce0
Event: 14.670 Thread 0x0000023bfa49c800 DEOPT UNPACKING pc=0x0000023be0fea1af sp=0x00000042a21f8c38 mode 2
Event: 14.691 Thread 0x0000023bfa49c800 Uncommon trap: trap_request=0xffffff4d fr.pc=0x0000023be8b43c98 relative=0x0000000000000078
Event: 14.691 Thread 0x0000023bfa49c800 Uncommon trap: reason=unstable_if action=reinterpret pc=0x0000023be8b43c98 method=java.lang.Integer.stringSize(I)I @ 19 c2
Event: 14.691 Thread 0x0000023bfa49c800 DEOPT PACKING pc=0x0000023be8b43c98 sp=0x00000042a21f8c80
Event: 14.691 Thread 0x0000023bfa49c800 DEOPT UNPACKING pc=0x0000023be0fea1af sp=0x00000042a21f8c00 mode 2
Event: 14.725 Thread 0x0000023bfa49c800 DEOPT PACKING pc=0x0000023be1b7f111 sp=0x00000042a21f6640
Event: 14.725 Thread 0x0000023bfa49c800 DEOPT UNPACKING pc=0x0000023be0fea95e sp=0x00000042a21f5b18 mode 0
Event: 15.011 Thread 0x0000023bfa49c800 Uncommon trap: trap_request=0xffffff4d fr.pc=0x0000023be8c3a70c relative=0x000000000000034c
Event: 15.011 Thread 0x0000023bfa49c800 Uncommon trap: reason=unstable_if action=reinterpret pc=0x0000023be8c3a70c method=java.util.StringJoiner.add(Ljava/lang/CharSequence;)Ljava/util/StringJoiner; @ 33 c2
Event: 15.011 Thread 0x0000023bfa49c800 DEOPT PACKING pc=0x0000023be8c3a70c sp=0x00000042a21f5400
Event: 15.011 Thread 0x0000023bfa49c800 DEOPT UNPACKING pc=0x0000023be0fea1af sp=0x00000042a21f53b0 mode 2

Classes redefined (0 events):
No events

Internal exceptions (20 events):
Event: 15.010 Thread 0x0000023bfa49c800 Exception <a 'java/lang/ClassNotFoundException'{0x0000000087f009f8}: com/android/build/gradle/TestedExtensionBeanInfo> (0x0000000087f009f8) thrown at [./src/hotspot/share/classfile/systemDictionary.cpp, line 231]
Event: 15.010 Thread 0x0000023bfa49c800 Exception <a 'java/lang/ClassNotFoundException'{0x0000000087f19d90}: com/android/build/gradle/BaseExtensionBeanInfo> (0x0000000087f19d90) thrown at [./src/hotspot/share/classfile/systemDictionary.cpp, line 231]
Event: 15.011 Thread 0x0000023bfa49c800 Exception <a 'java/lang/ClassNotFoundException'{0x0000000087f331a0}: com/android/build/gradle/BaseExtensionCustomizer> (0x0000000087f331a0) thrown at [./src/hotspot/share/classfile/systemDictionary.cpp, line 231]
Event: 15.013 Thread 0x0000023bfa49c800 Exception <a 'java/lang/ClassNotFoundException'{0x0000000087fa5bb8}: com/android/build/gradle/TestedExtensionCustomizer> (0x0000000087fa5bb8) thrown at [./src/hotspot/share/classfile/systemDictionary.cpp, line 231]
Event: 15.015 Thread 0x0000023bfa49c800 Exception <a 'java/lang/ClassNotFoundException'{0x0000000087fda770}: com/android/build/gradle/AbstractAppExtensionCustomizer> (0x0000000087fda770) thrown at [./src/hotspot/share/classfile/systemDictionary.cpp, line 231]
Event: 15.016 Thread 0x0000023bfa49c800 Exception <a 'java/lang/ClassNotFoundException'{0x0000000087e0a558}: com/android/build/gradle/AppExtensionCustomizer> (0x0000000087e0a558) thrown at [./src/hotspot/share/classfile/systemDictionary.cpp, line 231]
Event: 15.018 Thread 0x0000023bfa49c800 Exception <a 'java/lang/ClassNotFoundException'{0x0000000087e3cbe8}: com/android/build/gradle/internal/dsl/BaseAppModuleExtensionCustomizer> (0x0000000087e3cbe8) thrown at [./src/hotspot/share/classfile/systemDictionary.cpp, line 231]
Event: 15.023 Thread 0x0000023bfa49c800 Exception <a 'java/lang/ClassNotFoundException'{0x0000000087d29e48}: com/android/build/gradle/internal/dsl/BaseAppModuleExtension_DecoratedCustomizer> (0x0000000087d29e48) thrown at [./src/hotspot/share/classfile/systemDictionary.cpp, line 231]
Event: 15.092 Thread 0x0000023bfa49c800 Exception <a 'java/lang/ClassNotFoundException'{0x00000000875d0788}: com/android/build/gradle/internal/dsl/DefaultConfig$AgpDecorated_DecoratedBeanInfo> (0x00000000875d0788) thrown at [./src/hotspot/share/classfile/systemDictionary.cpp, line 231]
Event: 15.093 Thread 0x0000023bfa49c800 Exception <a 'java/lang/ClassNotFoundException'{0x00000000875ef568}: com/android/build/gradle/internal/dsl/DefaultConfig$AgpDecoratedBeanInfo> (0x00000000875ef568) thrown at [./src/hotspot/share/classfile/systemDictionary.cpp, line 231]
Event: 15.094 Thread 0x0000023bfa49c800 Exception <a 'java/lang/ClassNotFoundException'{0x000000008740cde0}: com/android/build/gradle/internal/dsl/DefaultConfigBeanInfo> (0x000000008740cde0) thrown at [./src/hotspot/share/classfile/systemDictionary.cpp, line 231]
Event: 15.094 Thread 0x0000023bfa49c800 Exception <a 'java/lang/ClassNotFoundException'{0x0000000087428d28}: com/android/build/gradle/internal/dsl/BaseFlavorBeanInfo> (0x0000000087428d28) thrown at [./src/hotspot/share/classfile/systemDictionary.cpp, line 231]
Event: 15.095 Thread 0x0000023bfa49c800 Exception <a 'java/lang/ClassNotFoundException'{0x0000000087444a98}: com/android/builder/core/AbstractProductFlavorBeanInfo> (0x0000000087444a98) thrown at [./src/hotspot/share/classfile/systemDictionary.cpp, line 231]
Event: 15.095 Thread 0x0000023bfa49c800 Exception <a 'java/lang/ClassNotFoundException'{0x0000000087460668}: com/android/builder/internal/BaseConfigImplBeanInfo> (0x0000000087460668) thrown at [./src/hotspot/share/classfile/systemDictionary.cpp, line 231]
Event: 15.096 Thread 0x0000023bfa49c800 Exception <a 'java/lang/ClassNotFoundException'{0x000000008747c2a8}: com/android/builder/internal/BaseConfigImplCustomizer> (0x000000008747c2a8) thrown at [./src/hotspot/share/classfile/systemDictionary.cpp, line 231]
Event: 15.098 Thread 0x0000023bfa49c800 Exception <a 'java/lang/ClassNotFoundException'{0x00000000874b6cc8}: com/android/builder/core/AbstractProductFlavorCustomizer> (0x00000000874b6cc8) thrown at [./src/hotspot/share/classfile/systemDictionary.cpp, line 231]
Event: 15.100 Thread 0x0000023bfa49c800 Exception <a 'java/lang/ClassNotFoundException'{0x000000008730e140}: com/android/build/gradle/internal/dsl/BaseFlavorCustomizer> (0x000000008730e140) thrown at [./src/hotspot/share/classfile/systemDictionary.cpp, line 231]
Event: 15.104 Thread 0x0000023bfa49c800 Exception <a 'java/lang/ClassNotFoundException'{0x000000008738ac68}: com/android/build/gradle/internal/dsl/DefaultConfigCustomizer> (0x000000008738ac68) thrown at [./src/hotspot/share/classfile/systemDictionary.cpp, line 231]
Event: 15.105 Thread 0x0000023bfa49c800 Exception <a 'java/lang/ClassNotFoundException'{0x00000000873c20d0}: com/android/build/gradle/internal/dsl/DefaultConfig$AgpDecoratedCustomizer> (0x00000000873c20d0) thrown at [./src/hotspot/share/classfile/systemDictionary.cpp, line 231]
Event: 15.107 Thread 0x0000023bfa49c800 Exception <a 'java/lang/ClassNotFoundException'{0x0000000087222738}: com/android/build/gradle/internal/dsl/DefaultConfig$AgpDecorated_DecoratedCustomizer> (0x0000000087222738) thrown at [./src/hotspot/share/classfile/systemDictionary.cpp, line 231]

Events (20 events):
Event: 15.098 loading class com/android/builder/core/AbstractProductFlavorCustomizer done
Event: 15.099 loading class com/android/build/gradle/internal/dsl/BaseFlavorCustomizer
Event: 15.099 loading class com/android/build/gradle/internal/dsl/BaseFlavorCustomizer done
Event: 15.100 loading class com/android/build/gradle/internal/dsl/BaseFlavorCustomizer
Event: 15.100 loading class com/android/build/gradle/internal/dsl/BaseFlavorCustomizer done
Event: 15.102 loading class java/beans/IntrospectionException
Event: 15.103 loading class java/beans/IntrospectionException done
Event: 15.103 loading class com/android/build/gradle/internal/dsl/DefaultConfigCustomizer
Event: 15.103 loading class com/android/build/gradle/internal/dsl/DefaultConfigCustomizer done
Event: 15.104 loading class com/android/build/gradle/internal/dsl/DefaultConfigCustomizer
Event: 15.104 loading class com/android/build/gradle/internal/dsl/DefaultConfigCustomizer done
Event: 15.105 loading class com/android/build/gradle/internal/dsl/DefaultConfig$AgpDecoratedCustomizer
Event: 15.105 loading class com/android/build/gradle/internal/dsl/DefaultConfig$AgpDecoratedCustomizer done
Event: 15.105 loading class com/android/build/gradle/internal/dsl/DefaultConfig$AgpDecoratedCustomizer
Event: 15.105 loading class com/android/build/gradle/internal/dsl/DefaultConfig$AgpDecoratedCustomizer done
Event: 15.107 loading class com/android/build/gradle/internal/dsl/DefaultConfig$AgpDecorated_DecoratedCustomizer
Event: 15.107 loading class com/android/build/gradle/internal/dsl/DefaultConfig$AgpDecorated_DecoratedCustomizer done
Event: 15.107 loading class com/android/build/gradle/internal/dsl/DefaultConfig$AgpDecorated_DecoratedCustomizer
Event: 15.107 loading class com/android/build/gradle/internal/dsl/DefaultConfig$AgpDecorated_DecoratedCustomizer done
Event: 15.113 Executing VM operation: G1CollectForAllocation


Dynamic libraries:
0x00007ff606b30000 - 0x00007ff606b3a000 	C:\Program Files\Android\Android Studio\jre\bin\java.exe
0x00007ff9585f0000 - 0x00007ff9587e8000 	C:\WINDOWS\SYSTEM32\ntdll.dll
0x00007ff9577c0000 - 0x00007ff95787d000 	C:\WINDOWS\System32\KERNEL32.DLL
0x00007ff9560f0000 - 0x00007ff9563be000 	C:\WINDOWS\System32\KERNELBASE.dll
0x00007ff955ee0000 - 0x00007ff955fe0000 	C:\WINDOWS\System32\ucrtbase.dll
0x00007ff940d60000 - 0x00007ff940d79000 	C:\Program Files\Android\Android Studio\jre\bin\jli.dll
0x00007ff950dc0000 - 0x00007ff950dd7000 	C:\Program Files\Android\Android Studio\jre\bin\VCRUNTIME140.dll
0x00007ff958230000 - 0x00007ff9583d0000 	C:\WINDOWS\System32\USER32.dll
0x00007ff945a90000 - 0x00007ff945d2a000 	C:\WINDOWS\WinSxS\amd64_microsoft.windows.common-controls_6595b64144ccf1df_6.0.19041.1110_none_60b5254171f9507e\COMCTL32.dll
0x00007ff956590000 - 0x00007ff9565b2000 	C:\WINDOWS\System32\win32u.dll
0x00007ff956d50000 - 0x00007ff956dee000 	C:\WINDOWS\System32\msvcrt.dll
0x00007ff956c70000 - 0x00007ff956c9a000 	C:\WINDOWS\System32\GDI32.dll
0x00007ff955fe0000 - 0x00007ff9560eb000 	C:\WINDOWS\System32\gdi32full.dll
0x00007ff955d10000 - 0x00007ff955dad000 	C:\WINDOWS\System32\msvcp_win.dll
0x00007ff957a30000 - 0x00007ff957a60000 	C:\WINDOWS\System32\IMM32.DLL
0x00007ff92cb50000 - 0x00007ff92cbed000 	C:\Program Files\Android\Android Studio\jre\bin\msvcp140.dll
0x00007ff91a790000 - 0x00007ff91b275000 	C:\Program Files\Android\Android Studio\jre\bin\server\jvm.dll
0x00007ff956860000 - 0x00007ff95690e000 	C:\WINDOWS\System32\ADVAPI32.dll
0x00007ff9584f0000 - 0x00007ff95858c000 	C:\WINDOWS\System32\sechost.dll
0x00007ff956730000 - 0x00007ff956855000 	C:\WINDOWS\System32\RPCRT4.dll
0x00007ff958220000 - 0x00007ff958228000 	C:\WINDOWS\System32\PSAPI.DLL
0x00007ff94c6a0000 - 0x00007ff94c6c7000 	C:\WINDOWS\SYSTEM32\WINMM.dll
0x00007ff950e40000 - 0x00007ff950e49000 	C:\WINDOWS\SYSTEM32\WSOCK32.dll
0x00007ff9574d0000 - 0x00007ff95753b000 	C:\WINDOWS\System32\WS2_32.dll
0x00007ff94c8d0000 - 0x00007ff94c8da000 	C:\WINDOWS\SYSTEM32\VERSION.dll
0x00007ff953c10000 - 0x00007ff953c22000 	C:\WINDOWS\SYSTEM32\kernel.appcore.dll
0x00007ff940360000 - 0x00007ff940371000 	C:\Program Files\Android\Android Studio\jre\bin\verify.dll
0x00007ff93fff0000 - 0x00007ff9401d4000 	C:\WINDOWS\SYSTEM32\DBGHELP.DLL
0x00007ff93ff70000 - 0x00007ff93ff9c000 	C:\WINDOWS\SYSTEM32\dbgcore.DLL
0x00007ff9565c0000 - 0x00007ff956642000 	C:\WINDOWS\System32\bcryptPrimitives.dll
0x00007ff940330000 - 0x00007ff940359000 	C:\Program Files\Android\Android Studio\jre\bin\java.dll
0x00007ff94ee30000 - 0x00007ff94ee3b000 	C:\Program Files\Android\Android Studio\jre\bin\jimage.dll
0x00007ff940310000 - 0x00007ff940328000 	C:\Program Files\Android\Android Studio\jre\bin\zip.dll
0x00007ff957ad0000 - 0x00007ff958214000 	C:\WINDOWS\System32\SHELL32.dll
0x00007ff953e10000 - 0x00007ff9545a4000 	C:\WINDOWS\SYSTEM32\windows.storage.dll
0x00007ff956910000 - 0x00007ff956c64000 	C:\WINDOWS\System32\combase.dll
0x00007ff9556a0000 - 0x00007ff9556d0000 	C:\WINDOWS\SYSTEM32\Wldp.dll
0x00007ff956ca0000 - 0x00007ff956d4d000 	C:\WINDOWS\System32\SHCORE.dll
0x00007ff957a60000 - 0x00007ff957ab5000 	C:\WINDOWS\System32\shlwapi.dll
0x00007ff955c50000 - 0x00007ff955c6f000 	C:\WINDOWS\SYSTEM32\profapi.dll
0x00007ff93c7e0000 - 0x00007ff93c7fa000 	C:\Program Files\Android\Android Studio\jre\bin\net.dll
0x00007ff947700000 - 0x00007ff94780a000 	C:\WINDOWS\SYSTEM32\WINHTTP.dll
0x00007ff955400000 - 0x00007ff95546a000 	C:\WINDOWS\system32\mswsock.dll
0x00007ff93c7c0000 - 0x00007ff93c7d4000 	C:\Program Files\Android\Android Studio\jre\bin\nio.dll
0x00007ff950ea0000 - 0x00007ff950ec7000 	C:\Users\tynys\.gradle\native\e1d6ef7f7dcc3fd88c89a11ec53ec762bb8ba0a96d01ffa2cd45eb1d1d8dd5c5\windows-amd64\native-platform.dll
0x00007ff9215d0000 - 0x00007ff921714000 	C:\Users\tynys\.gradle\native\5664cfc778a61ccfe75a443a1ab52a65af34e5dc3c78e0209fed803814484fcb\windows-amd64\native-platform-file-events.dll
0x00007ff943c50000 - 0x00007ff943c5a000 	C:\Program Files\Android\Android Studio\jre\bin\management.dll
0x00007ff942bb0000 - 0x00007ff942bbd000 	C:\Program Files\Android\Android Studio\jre\bin\management_ext.dll
0x00007ff9555f0000 - 0x00007ff955608000 	C:\WINDOWS\SYSTEM32\CRYPTSP.dll
0x00007ff954d80000 - 0x00007ff954db4000 	C:\WINDOWS\system32\rsaenh.dll
0x00007ff955db0000 - 0x00007ff955dd7000 	C:\WINDOWS\System32\bcrypt.dll
0x00007ff955c10000 - 0x00007ff955c3e000 	C:\WINDOWS\SYSTEM32\USERENV.dll
0x00007ff955610000 - 0x00007ff95561c000 	C:\WINDOWS\SYSTEM32\CRYPTBASE.dll
0x00007ff9550f0000 - 0x00007ff95512b000 	C:\WINDOWS\SYSTEM32\IPHLPAPI.DLL
0x00007ff957ac0000 - 0x00007ff957ac8000 	C:\WINDOWS\System32\NSI.dll
0x00007ff94e870000 - 0x00007ff94e887000 	C:\WINDOWS\SYSTEM32\dhcpcsvc6.DLL
0x00007ff94e960000 - 0x00007ff94e97d000 	C:\WINDOWS\SYSTEM32\dhcpcsvc.DLL
0x00007ff955130000 - 0x00007ff9551fa000 	C:\WINDOWS\SYSTEM32\DNSAPI.dll

dbghelp: loaded successfully - version: 4.0.5 - missing functions: none
symbol engine: initialized successfully - sym options: 0x614 - pdb path: .;C:\Program Files\Android\Android Studio\jre\bin;C:\WINDOWS\SYSTEM32;C:\WINDOWS\WinSxS\amd64_microsoft.windows.common-controls_6595b64144ccf1df_6.0.19041.1110_none_60b5254171f9507e;C:\Program Files\Android\Android Studio\jre\bin\server;C:\Users\tynys\.gradle\native\e1d6ef7f7dcc3fd88c89a11ec53ec762bb8ba0a96d01ffa2cd45eb1d1d8dd5c5\windows-amd64;C:\Users\tynys\.gradle\native\5664cfc778a61ccfe75a443a1ab52a65af34e5dc3c78e0209fed803814484fcb\windows-amd64

VM Arguments:
jvm_args: --add-opens=java.base/java.util=ALL-UNNAMED --add-opens=java.base/java.lang=ALL-UNNAMED --add-opens=java.base/java.lang.invoke=ALL-UNNAMED --add-opens=java.base/java.util=ALL-UNNAMED --add-opens=java.prefs/java.util.prefs=ALL-UNNAMED --add-opens=java.prefs/java.util.prefs=ALL-UNNAMED --add-opens=java.base/java.nio.charset=ALL-UNNAMED --add-opens=java.base/java.net=ALL-UNNAMED --add-opens=java.base/java.util.concurrent.atomic=ALL-UNNAMED -Xmx2048m -Dfile.encoding=UTF-8 -Duser.country=RU -Duser.language=ru -Duser.variant 
java_command: org.gradle.launcher.daemon.bootstrap.GradleDaemon 7.3.3
java_class_path (initial): C:\Users\tynys\.gradle\wrapper\dists\gradle-7.3.3-bin\6a41zxkdtcxs8rphpq6y0069z\gradle-7.3.3\lib\gradle-launcher-7.3.3.jar
Launcher Type: SUN_STANDARD

[Global flags]
     intx CICompilerCount                          = 4                                         {product} {ergonomic}
     uint ConcGCThreads                            = 2                                         {product} {ergonomic}
     uint G1ConcRefinementThreads                  = 8                                         {product} {ergonomic}
   size_t G1HeapRegionSize                         = 1048576                                   {product} {ergonomic}
    uintx GCDrainStackTargetSize                   = 64                                        {product} {ergonomic}
   size_t InitialHeapSize                          = 100663296                                 {product} {ergonomic}
   size_t MarkStackSize                            = 4194304                                   {product} {ergonomic}
   size_t MaxHeapSize                              = 2147483648                                {product} {command line}
   size_t MaxNewSize                               = 1287651328                                {product} {ergonomic}
   size_t MinHeapDeltaBytes                        = 1048576                                   {product} {ergonomic}
    uintx NonNMethodCodeHeapSize                   = 5836300                                {pd product} {ergonomic}
    uintx NonProfiledCodeHeapSize                  = 122910970                              {pd product} {ergonomic}
    uintx ProfiledCodeHeapSize                     = 122910970                              {pd product} {ergonomic}
    uintx ReservedCodeCacheSize                    = 251658240                              {pd product} {ergonomic}
     bool SegmentedCodeCache                       = true                                      {product} {ergonomic}
     bool UseCompressedClassPointers               = true                                 {lp64_product} {ergonomic}
     bool UseCompressedOops                        = true                                 {lp64_product} {ergonomic}
     bool UseG1GC                                  = true                                      {product} {ergonomic}
     bool UseLargePagesIndividualAllocation        = false                                  {pd product} {ergonomic}

Logging:
Log output configuration:
 #0: stdout all=warning uptime,level,tags
 #1: stderr all=off uptime,level,tags

Environment Variables:
PATH=C:\WINDOWS\system32;C:\WINDOWS;C:\WINDOWS\System32\Wbem;C:\WINDOWS\System32\WindowsPowerShell\v1.0\;C:\WINDOWS\System32\OpenSSH\;C:\Program Files\Git\cmd;C:\Users\tynys\AppData\Local\Microsoft\WindowsApps;
USERNAME=tynys
OS=Windows_NT
PROCESSOR_IDENTIFIER=AMD64 Family 23 Model 24 Stepping 1, AuthenticAMD



---------------  S Y S T E M  ---------------

OS: Windows 10 , 64 bit Build 19041 (10.0.19041.1889)
OS uptime: 4 days 18:32 hours

CPU:total 8 (initial active 8) (8 cores per cpu, 2 threads per core) family 23 model 24 stepping 1 microcode 0x0, cmov, cx8, fxsr, mmx, sse, sse2, sse3, ssse3, sse4.1, sse4.2, popcnt, avx, avx2, aes, clmul, mmxext, 3dnowpref, lzcnt, sse4a, ht, tsc, tscinvbit, tscinv, bmi1, bmi2, adx, sha, fma

Memory: 4k page, system-wide physical 6091M (110M free)
TotalPageFile size 24523M (AvailPageFile size 16M)
current process WorkingSet (physical memory assigned to process): 301M, peak: 313M
current process commit charge ("private bytes"): 387M, peak: 417M

vm_info: OpenJDK 64-Bit Server VM (11.0.12+7-b1504.28-7817840) for windows-amd64 JRE (11.0.12+7-b1504.28-7817840), built on Oct 13 2021 22:12:33 by "builder" with MS VC++ 14.0 (VS2015)

END.
